{"/Users/dinz/Coding Projects/BulgariaLearn/BulgarianApp-Fresh/svelte-frontend/src/lib/utils/performance.ts": {"path":"/Users/dinz/Coding Projects/BulgariaLearn/BulgarianApp-Fresh/svelte-frontend/src/lib/utils/performance.ts","statementMap":{"0":{"start":{"line":14,"column":41},"end":{"line":14,"column":null}},"1":{"start":{"line":15,"column":45},"end":{"line":15,"column":null}},"2":{"start":{"line":21,"column":4},"end":{"line":21,"column":null}},"3":{"start":{"line":28,"column":22},"end":{"line":28,"column":null}},"4":{"start":{"line":29,"column":4},"end":{"line":32,"column":null}},"5":{"start":{"line":30,"column":6},"end":{"line":30,"column":null}},"6":{"start":{"line":31,"column":6},"end":{"line":31,"column":null}},"7":{"start":{"line":34,"column":20},"end":{"line":34,"column":null}},"8":{"start":{"line":35,"column":21},"end":{"line":35,"column":null}},"9":{"start":{"line":37,"column":4},"end":{"line":37,"column":null}},"10":{"start":{"line":38,"column":4},"end":{"line":38,"column":null}},"11":{"start":{"line":40,"column":4},"end":{"line":40,"column":null}},"12":{"start":{"line":41,"column":4},"end":{"line":41,"column":null}},"13":{"start":{"line":48,"column":4},"end":{"line":48,"column":null}},"14":{"start":{"line":55,"column":39},"end":{"line":55,"column":null}},"15":{"start":{"line":56,"column":4},"end":{"line":58,"column":null}},"16":{"start":{"line":57,"column":6},"end":{"line":57,"column":null}},"17":{"start":{"line":59,"column":4},"end":{"line":59,"column":null}},"18":{"start":{"line":66,"column":4},"end":{"line":77,"column":null}},"19":{"start":{"line":67,"column":23},"end":{"line":73,"column":null}},"20":{"start":{"line":68,"column":8},"end":{"line":72,"column":null}},"21":{"start":{"line":69,"column":10},"end":{"line":71,"column":null}},"22":{"start":{"line":70,"column":12},"end":{"line":70,"column":null}},"23":{"start":{"line":75,"column":6},"end":{"line":75,"column":null}},"24":{"start":{"line":76,"column":6},"end":{"line":76,"column":null}},"25":{"start":{"line":84,"column":4},"end":{"line":91,"column":null}},"26":{"start":{"line":85,"column":22},"end":{"line":85,"column":null}},"27":{"start":{"line":86,"column":6},"end":{"line":90,"column":null}},"28":{"start":{"line":92,"column":4},"end":{"line":92,"column":null}},"29":{"start":{"line":99,"column":4},"end":{"line":99,"column":null}},"30":{"start":{"line":99,"column":39},"end":{"line":99,"column":60}},"31":{"start":{"line":100,"column":4},"end":{"line":100,"column":null}},"32":{"start":{"line":101,"column":4},"end":{"line":101,"column":null}},"33":{"start":{"line":109,"column":37},"end":{"line":109,"column":null}},"34":{"start":{"line":110,"column":55},"end":{"line":110,"column":null}},"35":{"start":{"line":116,"column":16},"end":{"line":116,"column":null}},"36":{"start":{"line":118,"column":4},"end":{"line":120,"column":null}},"37":{"start":{"line":119,"column":6},"end":{"line":119,"column":null}},"38":{"start":{"line":122,"column":4},"end":{"line":124,"column":null}},"39":{"start":{"line":123,"column":6},"end":{"line":123,"column":null}},"40":{"start":{"line":126,"column":24},"end":{"line":126,"column":null}},"41":{"start":{"line":127,"column":4},"end":{"line":127,"column":null}},"42":{"start":{"line":129,"column":4},"end":{"line":136,"column":null}},"43":{"start":{"line":130,"column":21},"end":{"line":130,"column":null}},"44":{"start":{"line":131,"column":6},"end":{"line":131,"column":null}},"45":{"start":{"line":132,"column":6},"end":{"line":132,"column":null}},"46":{"start":{"line":134,"column":6},"end":{"line":134,"column":null}},"47":{"start":{"line":135,"column":6},"end":{"line":135,"column":null}},"48":{"start":{"line":143,"column":4},"end":{"line":143,"column":null}},"49":{"start":{"line":150,"column":21},"end":{"line":150,"column":null}},"50":{"start":{"line":150,"column":45},"end":{"line":150,"column":66}},"51":{"start":{"line":151,"column":4},"end":{"line":151,"column":null}},"52":{"start":{"line":158,"column":4},"end":{"line":158,"column":null}},"53":{"start":{"line":159,"column":4},"end":{"line":159,"column":null}},"54":{"start":{"line":167,"column":50},"end":{"line":167,"column":null}},"55":{"start":{"line":168,"column":48},"end":{"line":168,"column":null}},"56":{"start":{"line":173,"column":22},"end":{"line":173,"column":47}},"57":{"start":{"line":174,"column":4},"end":{"line":174,"column":null}},"58":{"start":{"line":178,"column":4},"end":{"line":181,"column":null}},"59":{"start":{"line":179,"column":6},"end":{"line":179,"column":null}},"60":{"start":{"line":180,"column":6},"end":{"line":180,"column":null}},"61":{"start":{"line":183,"column":4},"end":{"line":200,"column":null}},"62":{"start":{"line":185,"column":8},"end":{"line":194,"column":null}},"63":{"start":{"line":186,"column":10},"end":{"line":193,"column":null}},"64":{"start":{"line":187,"column":29},"end":{"line":187,"column":null}},"65":{"start":{"line":188,"column":12},"end":{"line":192,"column":null}},"66":{"start":{"line":189,"column":14},"end":{"line":189,"column":null}},"67":{"start":{"line":190,"column":14},"end":{"line":190,"column":null}},"68":{"start":{"line":191,"column":14},"end":{"line":191,"column":null}},"69":{"start":{"line":207,"column":4},"end":{"line":211,"column":null}},"70":{"start":{"line":209,"column":6},"end":{"line":209,"column":null}},"71":{"start":{"line":210,"column":6},"end":{"line":210,"column":null}},"72":{"start":{"line":213,"column":4},"end":{"line":213,"column":null}},"73":{"start":{"line":214,"column":4},"end":{"line":214,"column":null}},"74":{"start":{"line":221,"column":4},"end":{"line":223,"column":null}},"75":{"start":{"line":222,"column":6},"end":{"line":222,"column":null}},"76":{"start":{"line":224,"column":4},"end":{"line":224,"column":null}},"77":{"start":{"line":231,"column":4},"end":{"line":234,"column":null}},"78":{"start":{"line":232,"column":6},"end":{"line":232,"column":null}},"79":{"start":{"line":233,"column":6},"end":{"line":233,"column":null}},"80":{"start":{"line":235,"column":4},"end":{"line":235,"column":null}},"81":{"start":{"line":244,"column":78},"end":{"line":244,"column":null}},"82":{"start":{"line":245,"column":51},"end":{"line":245,"column":null}},"83":{"start":{"line":248,"column":4},"end":{"line":248,"column":null}},"84":{"start":{"line":255,"column":4},"end":{"line":257,"column":null}},"85":{"start":{"line":256,"column":6},"end":{"line":256,"column":null}},"86":{"start":{"line":258,"column":4},"end":{"line":258,"column":null}},"87":{"start":{"line":265,"column":4},"end":{"line":269,"column":null}},"88":{"start":{"line":276,"column":17},"end":{"line":276,"column":null}},"89":{"start":{"line":277,"column":4},"end":{"line":277,"column":null}},"90":{"start":{"line":277,"column":15},"end":{"line":277,"column":null}},"91":{"start":{"line":279,"column":4},"end":{"line":282,"column":null}},"92":{"start":{"line":280,"column":6},"end":{"line":280,"column":null}},"93":{"start":{"line":281,"column":6},"end":{"line":281,"column":null}},"94":{"start":{"line":284,"column":4},"end":{"line":284,"column":null}},"95":{"start":{"line":291,"column":4},"end":{"line":291,"column":null}},"96":{"start":{"line":298,"column":4},"end":{"line":298,"column":null}},"97":{"start":{"line":305,"column":4},"end":{"line":305,"column":null}},"98":{"start":{"line":312,"column":4},"end":{"line":314,"column":null}},"99":{"start":{"line":313,"column":6},"end":{"line":313,"column":null}},"100":{"start":{"line":321,"column":16},"end":{"line":321,"column":null}},"101":{"start":{"line":322,"column":4},"end":{"line":326,"column":null}},"102":{"start":{"line":323,"column":6},"end":{"line":325,"column":null}},"103":{"start":{"line":324,"column":8},"end":{"line":324,"column":null}},"104":{"start":{"line":333,"column":4},"end":{"line":336,"column":null}},"105":{"start":{"line":334,"column":6},"end":{"line":334,"column":null}},"106":{"start":{"line":335,"column":6},"end":{"line":335,"column":null}},"107":{"start":{"line":337,"column":4},"end":{"line":337,"column":null}},"108":{"start":{"line":351,"column":4},"end":{"line":351,"column":null}},"109":{"start":{"line":352,"column":4},"end":{"line":352,"column":null}},"110":{"start":{"line":353,"column":4},"end":{"line":353,"column":null}},"111":{"start":{"line":354,"column":4},"end":{"line":354,"column":null}},"112":{"start":{"line":361,"column":4},"end":{"line":363,"column":null}},"113":{"start":{"line":362,"column":6},"end":{"line":362,"column":null}},"114":{"start":{"line":364,"column":4},"end":{"line":364,"column":null}},"115":{"start":{"line":371,"column":4},"end":{"line":371,"column":null}},"116":{"start":{"line":378,"column":4},"end":{"line":378,"column":null}},"117":{"start":{"line":385,"column":4},"end":{"line":385,"column":null}},"118":{"start":{"line":393,"column":4},"end":{"line":393,"column":null}},"119":{"start":{"line":396,"column":4},"end":{"line":396,"column":null}},"120":{"start":{"line":399,"column":4},"end":{"line":401,"column":null}},"121":{"start":{"line":400,"column":6},"end":{"line":400,"column":null}},"122":{"start":{"line":412,"column":4},"end":{"line":415,"column":null}},"123":{"start":{"line":413,"column":6},"end":{"line":413,"column":null}},"124":{"start":{"line":414,"column":6},"end":{"line":414,"column":null}},"125":{"start":{"line":414,"column":33},"end":{"line":414,"column":48}},"126":{"start":{"line":426,"column":4},"end":{"line":432,"column":null}},"127":{"start":{"line":427,"column":6},"end":{"line":431,"column":null}},"128":{"start":{"line":428,"column":8},"end":{"line":428,"column":null}},"129":{"start":{"line":429,"column":8},"end":{"line":429,"column":null}},"130":{"start":{"line":430,"column":8},"end":{"line":430,"column":null}},"131":{"start":{"line":430,"column":25},"end":{"line":430,"column":45}},"132":{"start":{"line":439,"column":4},"end":{"line":444,"column":null}},"133":{"start":{"line":440,"column":7},"end":{"line":440,"column":null}},"134":{"start":{"line":443,"column":6},"end":{"line":443,"column":null}},"135":{"start":{"line":452,"column":33},"end":{"line":452,"column":null}},"136":{"start":{"line":455,"column":19},"end":{"line":455,"column":null}},"137":{"start":{"line":456,"column":22},"end":{"line":456,"column":null}},"138":{"start":{"line":459,"column":27},"end":{"line":461,"column":null}},"139":{"start":{"line":463,"column":4},"end":{"line":463,"column":null}},"140":{"start":{"line":470,"column":38},"end":{"line":470,"column":null}},"141":{"start":{"line":471,"column":20},"end":{"line":471,"column":null}},"142":{"start":{"line":472,"column":19},"end":{"line":472,"column":null}},"143":{"start":{"line":475,"column":23},"end":{"line":475,"column":null}},"144":{"start":{"line":476,"column":4},"end":{"line":478,"column":null}},"145":{"start":{"line":477,"column":6},"end":{"line":477,"column":null}},"146":{"start":{"line":481,"column":4},"end":{"line":486,"column":null}},"147":{"start":{"line":482,"column":34},"end":{"line":482,"column":null}},"148":{"start":{"line":483,"column":6},"end":{"line":485,"column":null}},"149":{"start":{"line":484,"column":8},"end":{"line":484,"column":null}},"150":{"start":{"line":489,"column":4},"end":{"line":491,"column":null}},"151":{"start":{"line":490,"column":6},"end":{"line":490,"column":null}},"152":{"start":{"line":493,"column":4},"end":{"line":493,"column":null}},"153":{"start":{"line":500,"column":4},"end":{"line":500,"column":null}},"154":{"start":{"line":501,"column":4},"end":{"line":501,"column":null}},"155":{"start":{"line":502,"column":4},"end":{"line":502,"column":null}},"156":{"start":{"line":509,"column":36},"end":{"line":509,"column":null}},"157":{"start":{"line":514,"column":33},"end":{"line":560,"column":null}},"158":{"start":{"line":519,"column":4},"end":{"line":519,"column":null}},"159":{"start":{"line":526,"column":4},"end":{"line":526,"column":null}},"160":{"start":{"line":533,"column":4},"end":{"line":533,"column":null}},"161":{"start":{"line":540,"column":19},"end":{"line":540,"column":null}},"162":{"start":{"line":541,"column":4},"end":{"line":541,"column":null}},"163":{"start":{"line":541,"column":26},"end":{"line":541,"column":72}},"164":{"start":{"line":548,"column":21},"end":{"line":548,"column":null}},"165":{"start":{"line":549,"column":4},"end":{"line":549,"column":null}},"166":{"start":{"line":550,"column":4},"end":{"line":552,"column":null}},"167":{"start":{"line":558,"column":4},"end":{"line":558,"column":null}},"168":{"start":{"line":563,"column":0},"end":{"line":572,"column":null}},"169":{"start":{"line":564,"column":16},"end":{"line":564,"column":null}},"170":{"start":{"line":565,"column":2},"end":{"line":565,"column":null}},"171":{"start":{"line":571,"column":2},"end":{"line":571,"column":null}}},"fnMap":{"0":{"name":"(anonymous_0)","decl":{"start":{"line":20,"column":2},"end":{"line":20,"column":13}},"loc":{"start":{"line":20,"column":33},"end":{"line":22,"column":null}},"line":20},"1":{"name":"(anonymous_1)","decl":{"start":{"line":27,"column":2},"end":{"line":27,"column":11}},"loc":{"start":{"line":27,"column":33},"end":{"line":42,"column":null}},"line":27},"2":{"name":"(anonymous_2)","decl":{"start":{"line":47,"column":2},"end":{"line":47,"column":12}},"loc":{"start":{"line":47,"column":46},"end":{"line":49,"column":null}},"line":47},"3":{"name":"(anonymous_3)","decl":{"start":{"line":54,"column":2},"end":{"line":54,"column":38}},"loc":{"start":{"line":54,"column":38},"end":{"line":60,"column":null}},"line":54},"4":{"name":"(anonymous_4)","decl":{"start":{"line":65,"column":2},"end":{"line":65,"column":27}},"loc":{"start":{"line":65,"column":27},"end":{"line":78,"column":null}},"line":65},"5":{"name":"(anonymous_5)","decl":{"start":{"line":67,"column":47},"end":{"line":67,"column":48}},"loc":{"start":{"line":67,"column":57},"end":{"line":73,"column":7}},"line":67},"6":{"name":"(anonymous_6)","decl":{"start":{"line":83,"column":2},"end":{"line":83,"column":37}},"loc":{"start":{"line":83,"column":37},"end":{"line":93,"column":null}},"line":83},"7":{"name":"(anonymous_7)","decl":{"start":{"line":98,"column":2},"end":{"line":98,"column":18}},"loc":{"start":{"line":98,"column":18},"end":{"line":102,"column":null}},"line":98},"8":{"name":"(anonymous_8)","decl":{"start":{"line":99,"column":27},"end":{"line":99,"column":39}},"loc":{"start":{"line":99,"column":39},"end":{"line":99,"column":60}},"line":99},"9":{"name":"(anonymous_9)","decl":{"start":{"line":115,"column":8},"end":{"line":115,"column":22}},"loc":{"start":{"line":115,"column":73},"end":{"line":137,"column":null}},"line":115},"10":{"name":"(anonymous_10)","decl":{"start":{"line":142,"column":2},"end":{"line":142,"column":11}},"loc":{"start":{"line":142,"column":33},"end":{"line":144,"column":null}},"line":142},"11":{"name":"(anonymous_11)","decl":{"start":{"line":149,"column":8},"end":{"line":149,"column":23}},"loc":{"start":{"line":149,"column":61},"end":{"line":152,"column":null}},"line":149},"12":{"name":"(anonymous_12)","decl":{"start":{"line":150,"column":37},"end":{"line":150,"column":45}},"loc":{"start":{"line":150,"column":45},"end":{"line":150,"column":66}},"line":150},"13":{"name":"(anonymous_13)","decl":{"start":{"line":157,"column":2},"end":{"line":157,"column":21}},"loc":{"start":{"line":157,"column":21},"end":{"line":160,"column":null}},"line":157},"14":{"name":"(anonymous_14)","decl":{"start":{"line":173,"column":2},"end":{"line":173,"column":22}},"loc":{"start":{"line":173,"column":51},"end":{"line":175,"column":null}},"line":173},"15":{"name":"(anonymous_15)","decl":{"start":{"line":177,"column":10},"end":{"line":177,"column":32}},"loc":{"start":{"line":177,"column":32},"end":{"line":201,"column":null}},"line":177},"16":{"name":"(anonymous_16)","decl":{"start":{"line":184,"column":6},"end":{"line":184,"column":7}},"loc":{"start":{"line":184,"column":19},"end":{"line":195,"column":null}},"line":184},"17":{"name":"(anonymous_17)","decl":{"start":{"line":185,"column":24},"end":{"line":185,"column":33}},"loc":{"start":{"line":185,"column":33},"end":{"line":194,"column":9}},"line":185},"18":{"name":"(anonymous_18)","decl":{"start":{"line":206,"column":2},"end":{"line":206,"column":10}},"loc":{"start":{"line":206,"column":56},"end":{"line":215,"column":null}},"line":206},"19":{"name":"(anonymous_19)","decl":{"start":{"line":220,"column":2},"end":{"line":220,"column":12}},"loc":{"start":{"line":220,"column":36},"end":{"line":225,"column":null}},"line":220},"20":{"name":"(anonymous_20)","decl":{"start":{"line":230,"column":2},"end":{"line":230,"column":21}},"loc":{"start":{"line":230,"column":21},"end":{"line":236,"column":null}},"line":230},"21":{"name":"(anonymous_21)","decl":{"start":{"line":247,"column":10},"end":{"line":247,"column":24}},"loc":{"start":{"line":247,"column":24},"end":{"line":249,"column":null}},"line":247},"22":{"name":"(anonymous_22)","decl":{"start":{"line":254,"column":9},"end":{"line":254,"column":38}},"loc":{"start":{"line":254,"column":38},"end":{"line":259,"column":null}},"line":254},"23":{"name":"(anonymous_23)","decl":{"start":{"line":264,"column":2},"end":{"line":264,"column":6}},"loc":{"start":{"line":264,"column":58},"end":{"line":270,"column":null}},"line":264},"24":{"name":"(anonymous_24)","decl":{"start":{"line":275,"column":2},"end":{"line":275,"column":9}},"loc":{"start":{"line":275,"column":32},"end":{"line":285,"column":null}},"line":275},"25":{"name":"(anonymous_25)","decl":{"start":{"line":290,"column":2},"end":{"line":290,"column":9}},"loc":{"start":{"line":290,"column":31},"end":{"line":292,"column":null}},"line":290},"26":{"name":"(anonymous_26)","decl":{"start":{"line":297,"column":2},"end":{"line":297,"column":16}},"loc":{"start":{"line":297,"column":16},"end":{"line":299,"column":null}},"line":297},"27":{"name":"(anonymous_27)","decl":{"start":{"line":304,"column":2},"end":{"line":304,"column":17}},"loc":{"start":{"line":304,"column":17},"end":{"line":306,"column":null}},"line":304},"28":{"name":"(anonymous_28)","decl":{"start":{"line":311,"column":10},"end":{"line":311,"column":31}},"loc":{"start":{"line":311,"column":31},"end":{"line":315,"column":null}},"line":311},"29":{"name":"(anonymous_29)","decl":{"start":{"line":312,"column":39},"end":{"line":312,"column":45}},"loc":{"start":{"line":312,"column":45},"end":{"line":314,"column":7}},"line":312},"30":{"name":"(anonymous_30)","decl":{"start":{"line":320,"column":10},"end":{"line":320,"column":26}},"loc":{"start":{"line":320,"column":26},"end":{"line":327,"column":null}},"line":320},"31":{"name":"(anonymous_31)","decl":{"start":{"line":332,"column":2},"end":{"line":332,"column":18}},"loc":{"start":{"line":332,"column":18},"end":{"line":338,"column":null}},"line":332},"32":{"name":"(anonymous_32)","decl":{"start":{"line":350,"column":10},"end":{"line":350,"column":24}},"loc":{"start":{"line":350,"column":24},"end":{"line":355,"column":null}},"line":350},"33":{"name":"(anonymous_33)","decl":{"start":{"line":360,"column":9},"end":{"line":360,"column":45}},"loc":{"start":{"line":360,"column":45},"end":{"line":365,"column":null}},"line":360},"34":{"name":"(anonymous_34)","decl":{"start":{"line":370,"column":2},"end":{"line":370,"column":35}},"loc":{"start":{"line":370,"column":35},"end":{"line":372,"column":null}},"line":370},"35":{"name":"(anonymous_35)","decl":{"start":{"line":377,"column":2},"end":{"line":377,"column":30}},"loc":{"start":{"line":377,"column":30},"end":{"line":379,"column":null}},"line":377},"36":{"name":"(anonymous_36)","decl":{"start":{"line":384,"column":2},"end":{"line":384,"column":36}},"loc":{"start":{"line":384,"column":36},"end":{"line":386,"column":null}},"line":384},"37":{"name":"(anonymous_37)","decl":{"start":{"line":391,"column":2},"end":{"line":391,"column":23}},"loc":{"start":{"line":391,"column":52},"end":{"line":402,"column":null}},"line":391},"38":{"name":"(anonymous_38)","decl":{"start":{"line":399,"column":34},"end":{"line":399,"column":40}},"loc":{"start":{"line":399,"column":40},"end":{"line":401,"column":5}},"line":399},"39":{"name":"(anonymous_39)","decl":{"start":{"line":407,"column":2},"end":{"line":407,"column":null}},"loc":{"start":{"line":410,"column":38},"end":{"line":416,"column":null}},"line":410},"40":{"name":"(anonymous_40)","decl":{"start":{"line":412,"column":11},"end":{"line":412,"column":15}},"loc":{"start":{"line":412,"column":39},"end":{"line":415,"column":null}},"line":412},"41":{"name":"(anonymous_41)","decl":{"start":{"line":414,"column":27},"end":{"line":414,"column":33}},"loc":{"start":{"line":414,"column":33},"end":{"line":414,"column":48}},"line":414},"42":{"name":"(anonymous_42)","decl":{"start":{"line":421,"column":2},"end":{"line":421,"column":null}},"loc":{"start":{"line":424,"column":38},"end":{"line":433,"column":null}},"line":424},"43":{"name":"(anonymous_43)","decl":{"start":{"line":426,"column":11},"end":{"line":426,"column":15}},"loc":{"start":{"line":426,"column":39},"end":{"line":432,"column":null}},"line":426},"44":{"name":"(anonymous_44)","decl":{"start":{"line":430,"column":19},"end":{"line":430,"column":25}},"loc":{"start":{"line":430,"column":25},"end":{"line":430,"column":45}},"line":430},"45":{"name":"(anonymous_45)","decl":{"start":{"line":438,"column":2},"end":{"line":438,"column":22}},"loc":{"start":{"line":438,"column":82},"end":{"line":445,"column":null}},"line":438},"46":{"name":"(anonymous_46)","decl":{"start":{"line":450,"column":2},"end":{"line":450,"column":28}},"loc":{"start":{"line":450,"column":28},"end":{"line":464,"column":null}},"line":450},"47":{"name":"(anonymous_47)","decl":{"start":{"line":469,"column":2},"end":{"line":469,"column":44}},"loc":{"start":{"line":469,"column":44},"end":{"line":494,"column":null}},"line":469},"48":{"name":"(anonymous_48)","decl":{"start":{"line":499,"column":2},"end":{"line":499,"column":18}},"loc":{"start":{"line":499,"column":18},"end":{"line":503,"column":null}},"line":499},"49":{"name":"(anonymous_49)","decl":{"start":{"line":518,"column":2},"end":{"line":518,"column":17}},"loc":{"start":{"line":518,"column":124},"end":{"line":520,"column":null}},"line":518},"50":{"name":"(anonymous_50)","decl":{"start":{"line":525,"column":2},"end":{"line":525,"column":16}},"loc":{"start":{"line":525,"column":66},"end":{"line":527,"column":null}},"line":525},"51":{"name":"(anonymous_51)","decl":{"start":{"line":532,"column":2},"end":{"line":532,"column":19}},"loc":{"start":{"line":532,"column":47},"end":{"line":534,"column":null}},"line":532},"52":{"name":"(anonymous_52)","decl":{"start":{"line":539,"column":2},"end":{"line":539,"column":17}},"loc":{"start":{"line":539,"column":47},"end":{"line":542,"column":null}},"line":539},"53":{"name":"(anonymous_53)","decl":{"start":{"line":541,"column":19},"end":{"line":541,"column":26}},"loc":{"start":{"line":541,"column":26},"end":{"line":541,"column":72}},"line":541},"54":{"name":"(anonymous_54)","decl":{"start":{"line":547,"column":2},"end":{"line":547,"column":17}},"loc":{"start":{"line":547,"column":61},"end":{"line":559,"column":null}},"line":547}},"branchMap":{"0":{"loc":{"start":{"line":29,"column":4},"end":{"line":32,"column":null}},"type":"if","locations":[{"start":{"line":29,"column":4},"end":{"line":32,"column":null}},{"start":{},"end":{}}],"line":29},"1":{"loc":{"start":{"line":66,"column":4},"end":{"line":77,"column":null}},"type":"if","locations":[{"start":{"line":66,"column":4},"end":{"line":77,"column":null}},{"start":{},"end":{}}],"line":66},"2":{"loc":{"start":{"line":69,"column":10},"end":{"line":71,"column":null}},"type":"if","locations":[{"start":{"line":69,"column":10},"end":{"line":71,"column":null}},{"start":{},"end":{}}],"line":69},"3":{"loc":{"start":{"line":84,"column":4},"end":{"line":91,"column":null}},"type":"if","locations":[{"start":{"line":84,"column":4},"end":{"line":91,"column":null}},{"start":{},"end":{}}],"line":84},"4":{"loc":{"start":{"line":116,"column":16},"end":{"line":116,"column":null}},"type":"binary-expr","locations":[{"start":{"line":116,"column":16},"end":{"line":116,"column":28}},{"start":{"line":116,"column":28},"end":{"line":116,"column":null}}],"line":116},"5":{"loc":{"start":{"line":118,"column":4},"end":{"line":120,"column":null}},"type":"if","locations":[{"start":{"line":118,"column":4},"end":{"line":120,"column":null}},{"start":{},"end":{}}],"line":118},"6":{"loc":{"start":{"line":122,"column":4},"end":{"line":124,"column":null}},"type":"if","locations":[{"start":{"line":122,"column":4},"end":{"line":124,"column":null}},{"start":{},"end":{}}],"line":122},"7":{"loc":{"start":{"line":173,"column":22},"end":{"line":173,"column":51}},"type":"default-arg","locations":[{"start":{"line":173,"column":47},"end":{"line":173,"column":51}}],"line":173},"8":{"loc":{"start":{"line":178,"column":4},"end":{"line":181,"column":null}},"type":"if","locations":[{"start":{"line":178,"column":4},"end":{"line":181,"column":null}},{"start":{},"end":{}}],"line":178},"9":{"loc":{"start":{"line":186,"column":10},"end":{"line":193,"column":null}},"type":"if","locations":[{"start":{"line":186,"column":10},"end":{"line":193,"column":null}},{"start":{},"end":{}}],"line":186},"10":{"loc":{"start":{"line":188,"column":12},"end":{"line":192,"column":null}},"type":"if","locations":[{"start":{"line":188,"column":12},"end":{"line":192,"column":null}},{"start":{},"end":{}}],"line":188},"11":{"loc":{"start":{"line":197,"column":19},"end":{"line":197,"column":null}},"type":"binary-expr","locations":[{"start":{"line":197,"column":19},"end":{"line":197,"column":44}},{"start":{"line":197,"column":44},"end":{"line":197,"column":null}}],"line":197},"12":{"loc":{"start":{"line":198,"column":20},"end":{"line":198,"column":null}},"type":"binary-expr","locations":[{"start":{"line":198,"column":20},"end":{"line":198,"column":46}},{"start":{"line":198,"column":46},"end":{"line":198,"column":null}}],"line":198},"13":{"loc":{"start":{"line":207,"column":4},"end":{"line":211,"column":null}},"type":"if","locations":[{"start":{"line":207,"column":4},"end":{"line":211,"column":null}},{"start":{},"end":{}}],"line":207},"14":{"loc":{"start":{"line":221,"column":4},"end":{"line":223,"column":null}},"type":"if","locations":[{"start":{"line":221,"column":4},"end":{"line":223,"column":null}},{"start":{},"end":{}}],"line":221},"15":{"loc":{"start":{"line":231,"column":4},"end":{"line":234,"column":null}},"type":"if","locations":[{"start":{"line":231,"column":4},"end":{"line":234,"column":null}},{"start":{},"end":{}}],"line":231},"16":{"loc":{"start":{"line":255,"column":4},"end":{"line":257,"column":null}},"type":"if","locations":[{"start":{"line":255,"column":4},"end":{"line":257,"column":null}},{"start":{},"end":{}}],"line":255},"17":{"loc":{"start":{"line":264,"column":30},"end":{"line":264,"column":58}},"type":"default-arg","locations":[{"start":{"line":264,"column":44},"end":{"line":264,"column":58}}],"line":264},"18":{"loc":{"start":{"line":277,"column":4},"end":{"line":277,"column":null}},"type":"if","locations":[{"start":{"line":277,"column":4},"end":{"line":277,"column":null}},{"start":{},"end":{}}],"line":277},"19":{"loc":{"start":{"line":279,"column":4},"end":{"line":282,"column":null}},"type":"if","locations":[{"start":{"line":279,"column":4},"end":{"line":282,"column":null}},{"start":{},"end":{}}],"line":279},"20":{"loc":{"start":{"line":323,"column":6},"end":{"line":325,"column":null}},"type":"if","locations":[{"start":{"line":323,"column":6},"end":{"line":325,"column":null}},{"start":{},"end":{}}],"line":323},"21":{"loc":{"start":{"line":333,"column":4},"end":{"line":336,"column":null}},"type":"if","locations":[{"start":{"line":333,"column":4},"end":{"line":336,"column":null}},{"start":{},"end":{}}],"line":333},"22":{"loc":{"start":{"line":361,"column":4},"end":{"line":363,"column":null}},"type":"if","locations":[{"start":{"line":361,"column":4},"end":{"line":363,"column":null}},{"start":{},"end":{}}],"line":361},"23":{"loc":{"start":{"line":427,"column":6},"end":{"line":431,"column":null}},"type":"if","locations":[{"start":{"line":427,"column":6},"end":{"line":431,"column":null}},{"start":{},"end":{}}],"line":427},"24":{"loc":{"start":{"line":439,"column":4},"end":{"line":444,"column":null}},"type":"if","locations":[{"start":{"line":439,"column":4},"end":{"line":444,"column":null}},{"start":{"line":441,"column":11},"end":{"line":444,"column":null}}],"line":439},"25":{"loc":{"start":{"line":456,"column":22},"end":{"line":456,"column":null}},"type":"cond-expr","locations":[{"start":{"line":456,"column":31},"end":{"line":456,"column":69}},{"start":{"line":456,"column":69},"end":{"line":456,"column":null}}],"line":456},"26":{"loc":{"start":{"line":459,"column":27},"end":{"line":461,"column":null}},"type":"binary-expr","locations":[{"start":{"line":459,"column":27},"end":{"line":459,"column":null}},{"start":{"line":460,"column":7},"end":{"line":460,"column":null}},{"start":{"line":461,"column":6},"end":{"line":461,"column":null}}],"line":459},"27":{"loc":{"start":{"line":463,"column":11},"end":{"line":463,"column":null}},"type":"binary-expr","locations":[{"start":{"line":463,"column":11},"end":{"line":463,"column":35}},{"start":{"line":463,"column":35},"end":{"line":463,"column":48}},{"start":{"line":463,"column":48},"end":{"line":463,"column":null}}],"line":463},"28":{"loc":{"start":{"line":476,"column":4},"end":{"line":478,"column":null}},"type":"if","locations":[{"start":{"line":476,"column":4},"end":{"line":478,"column":null}},{"start":{},"end":{}}],"line":476},"29":{"loc":{"start":{"line":476,"column":8},"end":{"line":476,"column":40}},"type":"binary-expr","locations":[{"start":{"line":476,"column":8},"end":{"line":476,"column":22}},{"start":{"line":476,"column":22},"end":{"line":476,"column":40}}],"line":476},"30":{"loc":{"start":{"line":481,"column":4},"end":{"line":486,"column":null}},"type":"if","locations":[{"start":{"line":481,"column":4},"end":{"line":486,"column":null}},{"start":{},"end":{}}],"line":481},"31":{"loc":{"start":{"line":483,"column":6},"end":{"line":485,"column":null}},"type":"if","locations":[{"start":{"line":483,"column":6},"end":{"line":485,"column":null}},{"start":{},"end":{}}],"line":483},"32":{"loc":{"start":{"line":489,"column":4},"end":{"line":491,"column":null}},"type":"if","locations":[{"start":{"line":489,"column":4},"end":{"line":491,"column":null}},{"start":{},"end":{}}],"line":489},"33":{"loc":{"start":{"line":518,"column":39},"end":{"line":518,"column":124}},"type":"default-arg","locations":[{"start":{"line":518,"column":88},"end":{"line":518,"column":124}}],"line":518},"34":{"loc":{"start":{"line":563,"column":0},"end":{"line":572,"column":null}},"type":"if","locations":[{"start":{"line":563,"column":0},"end":{"line":572,"column":null}},{"start":{},"end":{}}],"line":563}},"s":{"0":8,"1":8,"2":17,"3":18,"4":18,"5":1,"6":1,"7":17,"8":17,"9":17,"10":17,"11":17,"12":17,"13":2,"14":2,"15":2,"16":0,"17":2,"18":1,"19":1,"20":0,"21":0,"22":0,"23":1,"24":1,"25":0,"26":0,"27":0,"28":0,"29":0,"30":0,"31":0,"32":0,"33":1,"34":1,"35":0,"36":0,"37":0,"38":0,"39":0,"40":0,"41":0,"42":0,"43":0,"44":0,"45":0,"46":0,"47":0,"48":0,"49":0,"50":0,"51":0,"52":0,"53":0,"54":0,"55":0,"56":0,"57":0,"58":0,"59":0,"60":0,"61":0,"62":0,"63":0,"64":0,"65":0,"66":0,"67":0,"68":0,"69":0,"70":0,"71":0,"72":0,"73":0,"74":0,"75":0,"76":0,"77":0,"78":0,"79":0,"80":0,"81":1,"82":1,"83":1,"84":3,"85":1,"86":3,"87":11,"88":2,"89":2,"90":1,"91":1,"92":0,"93":0,"94":1,"95":1,"96":1,"97":4,"98":1,"99":0,"100":0,"101":0,"102":0,"103":0,"104":0,"105":0,"106":0,"107":0,"108":1,"109":1,"110":1,"111":1,"112":3,"113":1,"114":3,"115":2,"116":0,"117":0,"118":0,"119":0,"120":0,"121":0,"122":0,"123":0,"124":0,"125":0,"126":0,"127":0,"128":0,"129":0,"130":0,"131":0,"132":0,"133":0,"134":0,"135":2,"136":2,"137":2,"138":2,"139":2,"140":2,"141":2,"142":2,"143":2,"144":2,"145":0,"146":2,"147":2,"148":2,"149":0,"150":2,"151":2,"152":2,"153":0,"154":0,"155":0,"156":1,"157":1,"158":0,"159":0,"160":0,"161":0,"162":0,"163":0,"164":0,"165":0,"166":0,"167":0,"168":1,"169":1,"170":1,"171":1},"f":{"0":17,"1":18,"2":2,"3":2,"4":1,"5":0,"6":0,"7":0,"8":0,"9":0,"10":0,"11":0,"12":0,"13":0,"14":0,"15":0,"16":0,"17":0,"18":0,"19":0,"20":0,"21":1,"22":1,"23":11,"24":2,"25":1,"26":1,"27":4,"28":1,"29":0,"30":0,"31":0,"32":1,"33":1,"34":2,"35":0,"36":0,"37":0,"38":0,"39":0,"40":0,"41":0,"42":0,"43":0,"44":0,"45":0,"46":2,"47":2,"48":0,"49":0,"50":0,"51":0,"52":0,"53":0,"54":0},"b":{"0":[1,17],"1":[1,0],"2":[0,0],"3":[0,0],"4":[0,0],"5":[0,0],"6":[0,0],"7":[0],"8":[0,0],"9":[0,0],"10":[0,0],"11":[0,0],"12":[0,0],"13":[0,0],"14":[0,0],"15":[0,0],"16":[1,2],"17":[11],"18":[1,1],"19":[0,1],"20":[0,0],"21":[0,0],"22":[1,2],"23":[0,0],"24":[0,0],"25":[2,0],"26":[2,0,0],"27":[2,2,0],"28":[0,2],"29":[2,0],"30":[2,0],"31":[0,2],"32":[2,0],"33":[0],"34":[1,0]},"meta":{"lastBranch":35,"lastFunction":55,"lastStatement":172,"seen":{"s:14:41:14:Infinity":0,"s:15:45:15:Infinity":1,"f:20:2:20:13":0,"s:21:4:21:Infinity":2,"f:27:2:27:11":1,"s:28:22:28:Infinity":3,"b:29:4:32:Infinity:undefined:undefined:undefined:undefined":0,"s:29:4:32:Infinity":4,"s:30:6:30:Infinity":5,"s:31:6:31:Infinity":6,"s:34:20:34:Infinity":7,"s:35:21:35:Infinity":8,"s:37:4:37:Infinity":9,"s:38:4:38:Infinity":10,"s:40:4:40:Infinity":11,"s:41:4:41:Infinity":12,"f:47:2:47:12":2,"s:48:4:48:Infinity":13,"f:54:2:54:38":3,"s:55:39:55:Infinity":14,"s:56:4:58:Infinity":15,"s:57:6:57:Infinity":16,"s:59:4:59:Infinity":17,"f:65:2:65:27":4,"b:66:4:77:Infinity:undefined:undefined:undefined:undefined":1,"s:66:4:77:Infinity":18,"s:67:23:73:Infinity":19,"f:67:47:67:48":5,"s:68:8:72:Infinity":20,"b:69:10:71:Infinity:undefined:undefined:undefined:undefined":2,"s:69:10:71:Infinity":21,"s:70:12:70:Infinity":22,"s:75:6:75:Infinity":23,"s:76:6:76:Infinity":24,"f:83:2:83:37":6,"b:84:4:91:Infinity:undefined:undefined:undefined:undefined":3,"s:84:4:91:Infinity":25,"s:85:22:85:Infinity":26,"s:86:6:90:Infinity":27,"s:92:4:92:Infinity":28,"f:98:2:98:18":7,"s:99:4:99:Infinity":29,"f:99:27:99:39":8,"s:99:39:99:60":30,"s:100:4:100:Infinity":31,"s:101:4:101:Infinity":32,"s:109:37:109:Infinity":33,"s:110:55:110:Infinity":34,"f:115:8:115:22":9,"s:116:16:116:Infinity":35,"b:116:16:116:28:116:28:116:Infinity":4,"b:118:4:120:Infinity:undefined:undefined:undefined:undefined":5,"s:118:4:120:Infinity":36,"s:119:6:119:Infinity":37,"b:122:4:124:Infinity:undefined:undefined:undefined:undefined":6,"s:122:4:124:Infinity":38,"s:123:6:123:Infinity":39,"s:126:24:126:Infinity":40,"s:127:4:127:Infinity":41,"s:129:4:136:Infinity":42,"s:130:21:130:Infinity":43,"s:131:6:131:Infinity":44,"s:132:6:132:Infinity":45,"s:134:6:134:Infinity":46,"s:135:6:135:Infinity":47,"f:142:2:142:11":10,"s:143:4:143:Infinity":48,"f:149:8:149:23":11,"s:150:21:150:Infinity":49,"f:150:37:150:45":12,"s:150:45:150:66":50,"s:151:4:151:Infinity":51,"f:157:2:157:21":13,"s:158:4:158:Infinity":52,"s:159:4:159:Infinity":53,"s:167:50:167:Infinity":54,"s:168:48:168:Infinity":55,"f:173:2:173:22":14,"b:173:47:173:51":7,"s:173:22:173:47":56,"s:174:4:174:Infinity":57,"f:177:10:177:32":15,"b:178:4:181:Infinity:undefined:undefined:undefined:undefined":8,"s:178:4:181:Infinity":58,"s:179:6:179:Infinity":59,"s:180:6:180:Infinity":60,"s:183:4:200:Infinity":61,"f:184:6:184:7":16,"s:185:8:194:Infinity":62,"f:185:24:185:33":17,"b:186:10:193:Infinity:undefined:undefined:undefined:undefined":9,"s:186:10:193:Infinity":63,"s:187:29:187:Infinity":64,"b:188:12:192:Infinity:undefined:undefined:undefined:undefined":10,"s:188:12:192:Infinity":65,"s:189:14:189:Infinity":66,"s:190:14:190:Infinity":67,"s:191:14:191:Infinity":68,"b:197:19:197:44:197:44:197:Infinity":11,"b:198:20:198:46:198:46:198:Infinity":12,"f:206:2:206:10":18,"b:207:4:211:Infinity:undefined:undefined:undefined:undefined":13,"s:207:4:211:Infinity":69,"s:209:6:209:Infinity":70,"s:210:6:210:Infinity":71,"s:213:4:213:Infinity":72,"s:214:4:214:Infinity":73,"f:220:2:220:12":19,"b:221:4:223:Infinity:undefined:undefined:undefined:undefined":14,"s:221:4:223:Infinity":74,"s:222:6:222:Infinity":75,"s:224:4:224:Infinity":76,"f:230:2:230:21":20,"b:231:4:234:Infinity:undefined:undefined:undefined:undefined":15,"s:231:4:234:Infinity":77,"s:232:6:232:Infinity":78,"s:233:6:233:Infinity":79,"s:235:4:235:Infinity":80,"s:244:78:244:Infinity":81,"s:245:51:245:Infinity":82,"f:247:10:247:24":21,"s:248:4:248:Infinity":83,"f:254:9:254:38":22,"b:255:4:257:Infinity:undefined:undefined:undefined:undefined":16,"s:255:4:257:Infinity":84,"s:256:6:256:Infinity":85,"s:258:4:258:Infinity":86,"f:264:2:264:6":23,"b:264:44:264:58":17,"s:265:4:269:Infinity":87,"f:275:2:275:9":24,"s:276:17:276:Infinity":88,"b:277:4:277:Infinity:undefined:undefined:undefined:undefined":18,"s:277:4:277:Infinity":89,"s:277:15:277:Infinity":90,"b:279:4:282:Infinity:undefined:undefined:undefined:undefined":19,"s:279:4:282:Infinity":91,"s:280:6:280:Infinity":92,"s:281:6:281:Infinity":93,"s:284:4:284:Infinity":94,"f:290:2:290:9":25,"s:291:4:291:Infinity":95,"f:297:2:297:16":26,"s:298:4:298:Infinity":96,"f:304:2:304:17":27,"s:305:4:305:Infinity":97,"f:311:10:311:31":28,"s:312:4:314:Infinity":98,"f:312:39:312:45":29,"s:313:6:313:Infinity":99,"f:320:10:320:26":30,"s:321:16:321:Infinity":100,"s:322:4:326:Infinity":101,"b:323:6:325:Infinity:undefined:undefined:undefined:undefined":20,"s:323:6:325:Infinity":102,"s:324:8:324:Infinity":103,"f:332:2:332:18":31,"b:333:4:336:Infinity:undefined:undefined:undefined:undefined":21,"s:333:4:336:Infinity":104,"s:334:6:334:Infinity":105,"s:335:6:335:Infinity":106,"s:337:4:337:Infinity":107,"f:350:10:350:24":32,"s:351:4:351:Infinity":108,"s:352:4:352:Infinity":109,"s:353:4:353:Infinity":110,"s:354:4:354:Infinity":111,"f:360:9:360:45":33,"b:361:4:363:Infinity:undefined:undefined:undefined:undefined":22,"s:361:4:363:Infinity":112,"s:362:6:362:Infinity":113,"s:364:4:364:Infinity":114,"f:370:2:370:35":34,"s:371:4:371:Infinity":115,"f:377:2:377:30":35,"s:378:4:378:Infinity":116,"f:384:2:384:36":36,"s:385:4:385:Infinity":117,"f:391:2:391:23":37,"s:393:4:393:Infinity":118,"s:396:4:396:Infinity":119,"s:399:4:401:Infinity":120,"f:399:34:399:40":38,"s:400:6:400:Infinity":121,"f:407:2:407:Infinity":39,"s:412:4:415:Infinity":122,"f:412:11:412:15":40,"s:413:6:413:Infinity":123,"s:414:6:414:Infinity":124,"f:414:27:414:33":41,"s:414:33:414:48":125,"f:421:2:421:Infinity":42,"s:426:4:432:Infinity":126,"f:426:11:426:15":43,"b:427:6:431:Infinity:undefined:undefined:undefined:undefined":23,"s:427:6:431:Infinity":127,"s:428:8:428:Infinity":128,"s:429:8:429:Infinity":129,"s:430:8:430:Infinity":130,"f:430:19:430:25":44,"s:430:25:430:45":131,"f:438:2:438:22":45,"b:439:4:444:Infinity:441:11:444:Infinity":24,"s:439:4:444:Infinity":132,"s:440:7:440:Infinity":133,"s:443:6:443:Infinity":134,"f:450:2:450:28":46,"s:452:33:452:Infinity":135,"s:455:19:455:Infinity":136,"s:456:22:456:Infinity":137,"b:456:31:456:69:456:69:456:Infinity":25,"s:459:27:461:Infinity":138,"b:459:27:459:Infinity:460:7:460:Infinity:461:6:461:Infinity":26,"s:463:4:463:Infinity":139,"b:463:11:463:35:463:35:463:48:463:48:463:Infinity":27,"f:469:2:469:44":47,"s:470:38:470:Infinity":140,"s:471:20:471:Infinity":141,"s:472:19:472:Infinity":142,"s:475:23:475:Infinity":143,"b:476:4:478:Infinity:undefined:undefined:undefined:undefined":28,"s:476:4:478:Infinity":144,"b:476:8:476:22:476:22:476:40":29,"s:477:6:477:Infinity":145,"b:481:4:486:Infinity:undefined:undefined:undefined:undefined":30,"s:481:4:486:Infinity":146,"s:482:34:482:Infinity":147,"b:483:6:485:Infinity:undefined:undefined:undefined:undefined":31,"s:483:6:485:Infinity":148,"s:484:8:484:Infinity":149,"b:489:4:491:Infinity:undefined:undefined:undefined:undefined":32,"s:489:4:491:Infinity":150,"s:490:6:490:Infinity":151,"s:493:4:493:Infinity":152,"f:499:2:499:18":48,"s:500:4:500:Infinity":153,"s:501:4:501:Infinity":154,"s:502:4:502:Infinity":155,"s:509:36:509:Infinity":156,"s:514:33:560:Infinity":157,"f:518:2:518:17":49,"b:518:88:518:124":33,"s:519:4:519:Infinity":158,"f:525:2:525:16":50,"s:526:4:526:Infinity":159,"f:532:2:532:19":51,"s:533:4:533:Infinity":160,"f:539:2:539:17":52,"s:540:19:540:Infinity":161,"s:541:4:541:Infinity":162,"f:541:19:541:26":53,"s:541:26:541:72":163,"f:547:2:547:17":54,"s:548:21:548:Infinity":164,"s:549:4:549:Infinity":165,"s:550:4:552:Infinity":166,"s:558:4:558:Infinity":167,"b:563:0:572:Infinity:undefined:undefined:undefined:undefined":34,"s:563:0:572:Infinity":168,"s:564:16:564:Infinity":169,"s:565:2:565:Infinity":170,"s:571:2:571:Infinity":171}}}
}
