{"/Users/dinz/Coding Projects/BulgariaLearn/BulgarianApp-Fresh/svelte-frontend/src/lib/utils/common.ts": {"path":"/Users/dinz/Coding Projects/BulgariaLearn/BulgarianApp-Fresh/svelte-frontend/src/lib/utils/common.ts","statementMap":{"0":{"start":{"line":23,"column":2},"end":{"line":26,"column":null}},"1":{"start":{"line":24,"column":4},"end":{"line":24,"column":null}},"2":{"start":{"line":25,"column":4},"end":{"line":25,"column":null}},"3":{"start":{"line":25,"column":31},"end":{"line":25,"column":46}},"4":{"start":{"line":40,"column":2},"end":{"line":46,"column":null}},"5":{"start":{"line":41,"column":4},"end":{"line":45,"column":null}},"6":{"start":{"line":42,"column":6},"end":{"line":42,"column":null}},"7":{"start":{"line":43,"column":6},"end":{"line":43,"column":null}},"8":{"start":{"line":44,"column":6},"end":{"line":44,"column":null}},"9":{"start":{"line":44,"column":23},"end":{"line":44,"column":43}},"10":{"start":{"line":59,"column":2},"end":{"line":61,"column":null}},"11":{"start":{"line":60,"column":4},"end":{"line":60,"column":null}},"12":{"start":{"line":62,"column":2},"end":{"line":64,"column":null}},"13":{"start":{"line":63,"column":4},"end":{"line":63,"column":null}},"14":{"start":{"line":65,"column":2},"end":{"line":67,"column":null}},"15":{"start":{"line":66,"column":4},"end":{"line":66,"column":null}},"16":{"start":{"line":68,"column":2},"end":{"line":70,"column":null}},"17":{"start":{"line":69,"column":4},"end":{"line":69,"column":null}},"18":{"start":{"line":71,"column":2},"end":{"line":71,"column":null}},"19":{"start":{"line":80,"column":2},"end":{"line":82,"column":null}},"20":{"start":{"line":81,"column":4},"end":{"line":81,"column":null}},"21":{"start":{"line":84,"column":15},"end":{"line":84,"column":null}},"22":{"start":{"line":85,"column":2},"end":{"line":85,"column":null}},"23":{"start":{"line":95,"column":18},"end":{"line":95,"column":null}},"24":{"start":{"line":96,"column":2},"end":{"line":98,"column":null}},"25":{"start":{"line":97,"column":4},"end":{"line":97,"column":null}},"26":{"start":{"line":100,"column":2},"end":{"line":104,"column":null}},"27":{"start":{"line":113,"column":18},"end":{"line":113,"column":null}},"28":{"start":{"line":114,"column":14},"end":{"line":114,"column":null}},"29":{"start":{"line":115,"column":17},"end":{"line":115,"column":null}},"30":{"start":{"line":116,"column":19},"end":{"line":116,"column":null}},"31":{"start":{"line":118,"column":2},"end":{"line":120,"column":null}},"32":{"start":{"line":119,"column":4},"end":{"line":119,"column":null}},"33":{"start":{"line":121,"column":2},"end":{"line":123,"column":null}},"34":{"start":{"line":122,"column":4},"end":{"line":122,"column":null}},"35":{"start":{"line":124,"column":2},"end":{"line":126,"column":null}},"36":{"start":{"line":125,"column":4},"end":{"line":125,"column":null}},"37":{"start":{"line":127,"column":2},"end":{"line":129,"column":null}},"38":{"start":{"line":128,"column":4},"end":{"line":128,"column":null}},"39":{"start":{"line":130,"column":2},"end":{"line":132,"column":null}},"40":{"start":{"line":131,"column":4},"end":{"line":131,"column":null}},"41":{"start":{"line":133,"column":2},"end":{"line":133,"column":null}},"42":{"start":{"line":147,"column":2},"end":{"line":149,"column":null}},"43":{"start":{"line":148,"column":4},"end":{"line":148,"column":null}},"44":{"start":{"line":152,"column":18},"end":{"line":152,"column":null}},"45":{"start":{"line":155,"column":2},"end":{"line":155,"column":null}},"46":{"start":{"line":158,"column":2},"end":{"line":160,"column":null}},"47":{"start":{"line":159,"column":4},"end":{"line":159,"column":null}},"48":{"start":{"line":162,"column":2},"end":{"line":162,"column":null}},"49":{"start":{"line":171,"column":2},"end":{"line":171,"column":null}},"50":{"start":{"line":181,"column":2},"end":{"line":183,"column":null}},"51":{"start":{"line":182,"column":4},"end":{"line":182,"column":null}},"52":{"start":{"line":184,"column":2},"end":{"line":184,"column":null}},"53":{"start":{"line":193,"column":2},"end":{"line":195,"column":null}},"54":{"start":{"line":194,"column":4},"end":{"line":194,"column":null}},"55":{"start":{"line":196,"column":2},"end":{"line":196,"column":null}},"56":{"start":{"line":205,"column":2},"end":{"line":207,"column":null}},"57":{"start":{"line":206,"column":4},"end":{"line":206,"column":null}},"58":{"start":{"line":220,"column":2},"end":{"line":220,"column":null}},"59":{"start":{"line":229,"column":2},"end":{"line":231,"column":null}},"60":{"start":{"line":230,"column":4},"end":{"line":230,"column":null}},"61":{"start":{"line":234,"column":20},"end":{"line":234,"column":null}},"62":{"start":{"line":235,"column":2},"end":{"line":235,"column":null}},"63":{"start":{"line":244,"column":21},"end":{"line":244,"column":null}},"64":{"start":{"line":245,"column":2},"end":{"line":245,"column":null}},"65":{"start":{"line":254,"column":2},"end":{"line":259,"column":null}},"66":{"start":{"line":255,"column":4},"end":{"line":255,"column":null}},"67":{"start":{"line":256,"column":4},"end":{"line":256,"column":null}},"68":{"start":{"line":258,"column":4},"end":{"line":258,"column":null}},"69":{"start":{"line":272,"column":19},"end":{"line":272,"column":null}},"70":{"start":{"line":273,"column":2},"end":{"line":276,"column":null}},"71":{"start":{"line":273,"column":15},"end":{"line":273,"column":36}},"72":{"start":{"line":274,"column":14},"end":{"line":274,"column":null}},"73":{"start":{"line":275,"column":4},"end":{"line":275,"column":null}},"74":{"start":{"line":277,"column":2},"end":{"line":277,"column":null}},"75":{"start":{"line":286,"column":2},"end":{"line":288,"column":null}},"76":{"start":{"line":287,"column":4},"end":{"line":287,"column":null}},"77":{"start":{"line":289,"column":2},"end":{"line":289,"column":null}},"78":{"start":{"line":298,"column":2},"end":{"line":298,"column":null}},"79":{"start":{"line":311,"column":2},"end":{"line":318,"column":null}},"80":{"start":{"line":312,"column":16},"end":{"line":312,"column":null}},"81":{"start":{"line":313,"column":4},"end":{"line":315,"column":null}},"82":{"start":{"line":314,"column":6},"end":{"line":314,"column":null}},"83":{"start":{"line":316,"column":4},"end":{"line":316,"column":null}},"84":{"start":{"line":317,"column":4},"end":{"line":317,"column":null}},"85":{"start":{"line":331,"column":2},"end":{"line":333,"column":null}},"86":{"start":{"line":332,"column":4},"end":{"line":332,"column":null}},"87":{"start":{"line":334,"column":2},"end":{"line":336,"column":null}},"88":{"start":{"line":335,"column":4},"end":{"line":335,"column":null}},"89":{"start":{"line":337,"column":2},"end":{"line":339,"column":null}},"90":{"start":{"line":338,"column":4},"end":{"line":338,"column":null}},"91":{"start":{"line":338,"column":27},"end":{"line":338,"column":42}},"92":{"start":{"line":340,"column":2},"end":{"line":348,"column":null}},"93":{"start":{"line":341,"column":19},"end":{"line":341,"column":null}},"94":{"start":{"line":342,"column":4},"end":{"line":346,"column":null}},"95":{"start":{"line":343,"column":6},"end":{"line":345,"column":null}},"96":{"start":{"line":344,"column":8},"end":{"line":344,"column":null}},"97":{"start":{"line":347,"column":4},"end":{"line":347,"column":null}},"98":{"start":{"line":349,"column":2},"end":{"line":349,"column":null}},"99":{"start":{"line":359,"column":17},"end":{"line":359,"column":null}},"100":{"start":{"line":360,"column":2},"end":{"line":366,"column":null}},"101":{"start":{"line":361,"column":4},"end":{"line":365,"column":null}},"102":{"start":{"line":362,"column":6},"end":{"line":364,"column":null}},"103":{"start":{"line":363,"column":8},"end":{"line":363,"column":null}},"104":{"start":{"line":367,"column":2},"end":{"line":367,"column":null}},"105":{"start":{"line":377,"column":17},"end":{"line":377,"column":null}},"106":{"start":{"line":378,"column":2},"end":{"line":382,"column":null}},"107":{"start":{"line":379,"column":4},"end":{"line":381,"column":null}},"108":{"start":{"line":380,"column":6},"end":{"line":380,"column":null}},"109":{"start":{"line":383,"column":2},"end":{"line":383,"column":null}},"110":{"start":{"line":393,"column":17},"end":{"line":393,"column":null}},"111":{"start":{"line":394,"column":2},"end":{"line":396,"column":null}},"112":{"start":{"line":395,"column":4},"end":{"line":395,"column":null}},"113":{"start":{"line":397,"column":2},"end":{"line":397,"column":null}},"114":{"start":{"line":410,"column":17},"end":{"line":410,"column":null}},"115":{"start":{"line":411,"column":2},"end":{"line":411,"column":null}},"116":{"start":{"line":419,"column":2},"end":{"line":419,"column":null}},"117":{"start":{"line":428,"column":17},"end":{"line":428,"column":null}},"118":{"start":{"line":429,"column":2},"end":{"line":433,"column":null}},"119":{"start":{"line":446,"column":2},"end":{"line":451,"column":null}},"120":{"start":{"line":447,"column":4},"end":{"line":447,"column":null}},"121":{"start":{"line":449,"column":4},"end":{"line":449,"column":null}},"122":{"start":{"line":450,"column":4},"end":{"line":450,"column":null}},"123":{"start":{"line":461,"column":2},"end":{"line":467,"column":null}},"124":{"start":{"line":462,"column":4},"end":{"line":462,"column":null}},"125":{"start":{"line":463,"column":4},"end":{"line":463,"column":null}},"126":{"start":{"line":465,"column":4},"end":{"line":465,"column":null}},"127":{"start":{"line":466,"column":4},"end":{"line":466,"column":null}},"128":{"start":{"line":476,"column":2},"end":{"line":482,"column":null}},"129":{"start":{"line":477,"column":4},"end":{"line":477,"column":null}},"130":{"start":{"line":478,"column":4},"end":{"line":478,"column":null}},"131":{"start":{"line":480,"column":4},"end":{"line":480,"column":null}},"132":{"start":{"line":481,"column":4},"end":{"line":481,"column":null}},"133":{"start":{"line":495,"column":2},"end":{"line":500,"column":null}},"134":{"start":{"line":496,"column":5},"end":{"line":496,"column":null}},"135":{"start":{"line":499,"column":4},"end":{"line":499,"column":null}},"136":{"start":{"line":509,"column":16},"end":{"line":509,"column":null}},"137":{"start":{"line":510,"column":17},"end":{"line":510,"column":null}},"138":{"start":{"line":511,"column":14},"end":{"line":511,"column":null}},"139":{"start":{"line":512,"column":2},"end":{"line":512,"column":null}},"140":{"start":{"line":521,"column":16},"end":{"line":521,"column":null}},"141":{"start":{"line":522,"column":2},"end":{"line":530,"column":null}},"142":{"start":{"line":523,"column":16},"end":{"line":523,"column":null}},"143":{"start":{"line":524,"column":4},"end":{"line":526,"column":null}},"144":{"start":{"line":525,"column":6},"end":{"line":525,"column":null}},"145":{"start":{"line":527,"column":19},"end":{"line":527,"column":null}},"146":{"start":{"line":528,"column":4},"end":{"line":528,"column":null}},"147":{"start":{"line":529,"column":4},"end":{"line":529,"column":null}},"148":{"start":{"line":543,"column":2},"end":{"line":543,"column":null}},"149":{"start":{"line":552,"column":2},"end":{"line":552,"column":null}},"150":{"start":{"line":561,"column":2},"end":{"line":561,"column":null}},"151":{"start":{"line":570,"column":2},"end":{"line":570,"column":null}},"152":{"start":{"line":584,"column":16},"end":{"line":584,"column":null}},"153":{"start":{"line":585,"column":2},"end":{"line":587,"column":null}},"154":{"start":{"line":586,"column":5},"end":{"line":586,"column":null}},"155":{"start":{"line":588,"column":2},"end":{"line":588,"column":null}},"156":{"start":{"line":598,"column":2},"end":{"line":603,"column":null}},"157":{"start":{"line":599,"column":4},"end":{"line":599,"column":null}},"158":{"start":{"line":601,"column":4},"end":{"line":601,"column":null}},"159":{"start":{"line":602,"column":4},"end":{"line":602,"column":null}}},"fnMap":{"0":{"name":"debounce","decl":{"start":{"line":18,"column":16},"end":{"line":18,"column":null}},"loc":{"start":{"line":21,"column":36},"end":{"line":27,"column":null}},"line":21},"1":{"name":"(anonymous_1)","decl":{"start":{"line":23,"column":9},"end":{"line":23,"column":13}},"loc":{"start":{"line":23,"column":37},"end":{"line":26,"column":null}},"line":23},"2":{"name":"(anonymous_2)","decl":{"start":{"line":25,"column":25},"end":{"line":25,"column":31}},"loc":{"start":{"line":25,"column":31},"end":{"line":25,"column":46}},"line":25},"3":{"name":"throttle","decl":{"start":{"line":35,"column":16},"end":{"line":35,"column":null}},"loc":{"start":{"line":38,"column":36},"end":{"line":47,"column":null}},"line":38},"4":{"name":"(anonymous_4)","decl":{"start":{"line":40,"column":9},"end":{"line":40,"column":13}},"loc":{"start":{"line":40,"column":37},"end":{"line":46,"column":null}},"line":40},"5":{"name":"(anonymous_5)","decl":{"start":{"line":44,"column":17},"end":{"line":44,"column":23}},"loc":{"start":{"line":44,"column":23},"end":{"line":44,"column":43}},"line":44},"6":{"name":"formatInterval","decl":{"start":{"line":58,"column":16},"end":{"line":58,"column":31}},"loc":{"start":{"line":58,"column":57},"end":{"line":72,"column":null}},"line":58},"7":{"name":"validateDateString","decl":{"start":{"line":79,"column":16},"end":{"line":79,"column":35}},"loc":{"start":{"line":79,"column":64},"end":{"line":86,"column":null}},"line":79},"8":{"name":"formatDate","decl":{"start":{"line":94,"column":16},"end":{"line":94,"column":27}},"loc":{"start":{"line":94,"column":91},"end":{"line":105,"column":null}},"line":94},"9":{"name":"getRelativeTime","decl":{"start":{"line":112,"column":16},"end":{"line":112,"column":32}},"loc":{"start":{"line":112,"column":70},"end":{"line":134,"column":null}},"line":112},"10":{"name":"sanitizeText","decl":{"start":{"line":146,"column":16},"end":{"line":146,"column":29}},"loc":{"start":{"line":146,"column":77},"end":{"line":163,"column":null}},"line":146},"11":{"name":"regexEscape","decl":{"start":{"line":170,"column":16},"end":{"line":170,"column":28}},"loc":{"start":{"line":170,"column":47},"end":{"line":172,"column":null}},"line":170},"12":{"name":"truncateText","decl":{"start":{"line":180,"column":16},"end":{"line":180,"column":29}},"loc":{"start":{"line":180,"column":70},"end":{"line":185,"column":null}},"line":180},"13":{"name":"capitalize","decl":{"start":{"line":192,"column":16},"end":{"line":192,"column":27}},"loc":{"start":{"line":192,"column":49},"end":{"line":197,"column":null}},"line":192},"14":{"name":"toTitleCase","decl":{"start":{"line":204,"column":16},"end":{"line":204,"column":28}},"loc":{"start":{"line":204,"column":50},"end":{"line":208,"column":null}},"line":204},"15":{"name":"(anonymous_15)","decl":{"start":{"line":205,"column":35},"end":{"line":205,"column":36}},"loc":{"start":{"line":206,"column":4},"end":{"line":206,"column":null}},"line":206},"16":{"name":"validateGrade","decl":{"start":{"line":219,"column":16},"end":{"line":219,"column":30}},"loc":{"start":{"line":219,"column":54},"end":{"line":221,"column":null}},"line":219},"17":{"name":"validateSessionId","decl":{"start":{"line":228,"column":16},"end":{"line":228,"column":34}},"loc":{"start":{"line":228,"column":62},"end":{"line":236,"column":null}},"line":228},"18":{"name":"validateEmail","decl":{"start":{"line":243,"column":16},"end":{"line":243,"column":30}},"loc":{"start":{"line":243,"column":54},"end":{"line":246,"column":null}},"line":243},"19":{"name":"validateUrl","decl":{"start":{"line":253,"column":16},"end":{"line":253,"column":28}},"loc":{"start":{"line":253,"column":50},"end":{"line":260,"column":null}},"line":253},"20":{"name":"shuffleArray","decl":{"start":{"line":271,"column":16},"end":{"line":271,"column":32}},"loc":{"start":{"line":271,"column":49},"end":{"line":278,"column":null}},"line":271},"21":{"name":"getRandomItem","decl":{"start":{"line":285,"column":16},"end":{"line":285,"column":33}},"loc":{"start":{"line":285,"column":60},"end":{"line":290,"column":null}},"line":285},"22":{"name":"uniqueArray","decl":{"start":{"line":297,"column":16},"end":{"line":297,"column":31}},"loc":{"start":{"line":297,"column":48},"end":{"line":299,"column":null}},"line":297},"23":{"name":"groupBy","decl":{"start":{"line":307,"column":16},"end":{"line":307,"column":null}},"loc":{"start":{"line":310,"column":18},"end":{"line":319,"column":null}},"line":310},"24":{"name":"(anonymous_24)","decl":{"start":{"line":311,"column":22},"end":{"line":311,"column":23}},"loc":{"start":{"line":311,"column":40},"end":{"line":318,"column":5}},"line":311},"25":{"name":"deepClone","decl":{"start":{"line":330,"column":16},"end":{"line":330,"column":29}},"loc":{"start":{"line":330,"column":40},"end":{"line":350,"column":null}},"line":330},"26":{"name":"(anonymous_26)","decl":{"start":{"line":338,"column":19},"end":{"line":338,"column":27}},"loc":{"start":{"line":338,"column":27},"end":{"line":338,"column":42}},"line":338},"27":{"name":"mergeObjects","decl":{"start":{"line":358,"column":16},"end":{"line":358,"column":60}},"loc":{"start":{"line":358,"column":100},"end":{"line":368,"column":null}},"line":358},"28":{"name":"pick","decl":{"start":{"line":376,"column":16},"end":{"line":376,"column":43}},"loc":{"start":{"line":376,"column":74},"end":{"line":384,"column":null}},"line":376},"29":{"name":"omit","decl":{"start":{"line":392,"column":16},"end":{"line":392,"column":43}},"loc":{"start":{"line":392,"column":74},"end":{"line":398,"column":null}},"line":392},"30":{"name":"getGradeColor","decl":{"start":{"line":409,"column":16},"end":{"line":409,"column":30}},"loc":{"start":{"line":409,"column":53},"end":{"line":412,"column":null}},"line":409},"31":{"name":"generateRandomColor","decl":{"start":{"line":418,"column":16},"end":{"line":418,"column":46}},"loc":{"start":{"line":418,"column":46},"end":{"line":420,"column":null}},"line":418},"32":{"name":"hexToRgb","decl":{"start":{"line":427,"column":16},"end":{"line":427,"column":25}},"loc":{"start":{"line":427,"column":82},"end":{"line":434,"column":null}},"line":427},"33":{"name":"safeStorageGet","decl":{"start":{"line":445,"column":16},"end":{"line":445,"column":31}},"loc":{"start":{"line":445,"column":59},"end":{"line":452,"column":null}},"line":445},"34":{"name":"safeStorageSet","decl":{"start":{"line":460,"column":16},"end":{"line":460,"column":31}},"loc":{"start":{"line":460,"column":68},"end":{"line":468,"column":null}},"line":460},"35":{"name":"safeStorageRemove","decl":{"start":{"line":475,"column":16},"end":{"line":475,"column":34}},"loc":{"start":{"line":475,"column":56},"end":{"line":483,"column":null}},"line":475},"36":{"name":"requestIdleCallback","decl":{"start":{"line":494,"column":16},"end":{"line":494,"column":36}},"loc":{"start":{"line":494,"column":96},"end":{"line":501,"column":null}},"line":494},"37":{"name":"measureTime","decl":{"start":{"line":508,"column":16},"end":{"line":508,"column":31}},"loc":{"start":{"line":508,"column":77},"end":{"line":513,"column":null}},"line":508},"38":{"name":"memoize","decl":{"start":{"line":520,"column":16},"end":{"line":520,"column":59}},"loc":{"start":{"line":520,"column":69},"end":{"line":531,"column":null}},"line":520},"39":{"name":"(anonymous_39)","decl":{"start":{"line":522,"column":10},"end":{"line":522,"column":14}},"loc":{"start":{"line":522,"column":38},"end":{"line":530,"column":null}},"line":522},"40":{"name":"isObject","decl":{"start":{"line":542,"column":16},"end":{"line":542,"column":25}},"loc":{"start":{"line":542,"column":67},"end":{"line":544,"column":null}},"line":542},"41":{"name":"isNonEmptyString","decl":{"start":{"line":551,"column":16},"end":{"line":551,"column":33}},"loc":{"start":{"line":551,"column":62},"end":{"line":553,"column":null}},"line":551},"42":{"name":"isValidNumber","decl":{"start":{"line":560,"column":16},"end":{"line":560,"column":30}},"loc":{"start":{"line":560,"column":59},"end":{"line":562,"column":null}},"line":560},"43":{"name":"isValidDate","decl":{"start":{"line":569,"column":16},"end":{"line":569,"column":28}},"loc":{"start":{"line":569,"column":55},"end":{"line":571,"column":null}},"line":569},"44":{"name":"createError","decl":{"start":{"line":583,"column":16},"end":{"line":583,"column":28}},"loc":{"start":{"line":583,"column":83},"end":{"line":589,"column":null}},"line":583},"45":{"name":"safeExecute","decl":{"start":{"line":597,"column":16},"end":{"line":597,"column":31}},"loc":{"start":{"line":597,"column":60},"end":{"line":604,"column":null}},"line":597}},"branchMap":{"0":{"loc":{"start":{"line":41,"column":4},"end":{"line":45,"column":null}},"type":"if","locations":[{"start":{"line":41,"column":4},"end":{"line":45,"column":null}},{"start":{},"end":{}}],"line":41},"1":{"loc":{"start":{"line":59,"column":2},"end":{"line":61,"column":null}},"type":"if","locations":[{"start":{"line":59,"column":2},"end":{"line":61,"column":null}},{"start":{},"end":{}}],"line":59},"2":{"loc":{"start":{"line":62,"column":2},"end":{"line":64,"column":null}},"type":"if","locations":[{"start":{"line":62,"column":2},"end":{"line":64,"column":null}},{"start":{},"end":{}}],"line":62},"3":{"loc":{"start":{"line":65,"column":2},"end":{"line":67,"column":null}},"type":"if","locations":[{"start":{"line":65,"column":2},"end":{"line":67,"column":null}},{"start":{},"end":{}}],"line":65},"4":{"loc":{"start":{"line":68,"column":2},"end":{"line":70,"column":null}},"type":"if","locations":[{"start":{"line":68,"column":2},"end":{"line":70,"column":null}},{"start":{},"end":{}}],"line":68},"5":{"loc":{"start":{"line":80,"column":2},"end":{"line":82,"column":null}},"type":"if","locations":[{"start":{"line":80,"column":2},"end":{"line":82,"column":null}},{"start":{},"end":{}}],"line":80},"6":{"loc":{"start":{"line":85,"column":9},"end":{"line":85,"column":null}},"type":"binary-expr","locations":[{"start":{"line":85,"column":9},"end":{"line":85,"column":35}},{"start":{"line":85,"column":35},"end":{"line":85,"column":null}}],"line":85},"7":{"loc":{"start":{"line":94,"column":57},"end":{"line":94,"column":91}},"type":"default-arg","locations":[{"start":{"line":94,"column":74},"end":{"line":94,"column":91}}],"line":94},"8":{"loc":{"start":{"line":95,"column":18},"end":{"line":95,"column":null}},"type":"cond-expr","locations":[{"start":{"line":95,"column":45},"end":{"line":95,"column":52}},{"start":{"line":95,"column":52},"end":{"line":95,"column":null}}],"line":95},"9":{"loc":{"start":{"line":96,"column":2},"end":{"line":98,"column":null}},"type":"if","locations":[{"start":{"line":96,"column":2},"end":{"line":98,"column":null}},{"start":{},"end":{}}],"line":96},"10":{"loc":{"start":{"line":113,"column":18},"end":{"line":113,"column":null}},"type":"cond-expr","locations":[{"start":{"line":113,"column":45},"end":{"line":113,"column":52}},{"start":{"line":113,"column":52},"end":{"line":113,"column":null}}],"line":113},"11":{"loc":{"start":{"line":118,"column":2},"end":{"line":120,"column":null}},"type":"if","locations":[{"start":{"line":118,"column":2},"end":{"line":120,"column":null}},{"start":{},"end":{}}],"line":118},"12":{"loc":{"start":{"line":121,"column":2},"end":{"line":123,"column":null}},"type":"if","locations":[{"start":{"line":121,"column":2},"end":{"line":123,"column":null}},{"start":{},"end":{}}],"line":121},"13":{"loc":{"start":{"line":124,"column":2},"end":{"line":126,"column":null}},"type":"if","locations":[{"start":{"line":124,"column":2},"end":{"line":126,"column":null}},{"start":{},"end":{}}],"line":124},"14":{"loc":{"start":{"line":127,"column":2},"end":{"line":129,"column":null}},"type":"if","locations":[{"start":{"line":127,"column":2},"end":{"line":129,"column":null}},{"start":{},"end":{}}],"line":127},"15":{"loc":{"start":{"line":130,"column":2},"end":{"line":132,"column":null}},"type":"if","locations":[{"start":{"line":130,"column":2},"end":{"line":132,"column":null}},{"start":{},"end":{}}],"line":130},"16":{"loc":{"start":{"line":146,"column":43},"end":{"line":146,"column":77}},"type":"default-arg","locations":[{"start":{"line":146,"column":63},"end":{"line":146,"column":77}}],"line":146},"17":{"loc":{"start":{"line":147,"column":2},"end":{"line":149,"column":null}},"type":"if","locations":[{"start":{"line":147,"column":2},"end":{"line":149,"column":null}},{"start":{},"end":{}}],"line":147},"18":{"loc":{"start":{"line":158,"column":2},"end":{"line":160,"column":null}},"type":"if","locations":[{"start":{"line":158,"column":2},"end":{"line":160,"column":null}},{"start":{},"end":{}}],"line":158},"19":{"loc":{"start":{"line":181,"column":2},"end":{"line":183,"column":null}},"type":"if","locations":[{"start":{"line":181,"column":2},"end":{"line":183,"column":null}},{"start":{},"end":{}}],"line":181},"20":{"loc":{"start":{"line":193,"column":2},"end":{"line":195,"column":null}},"type":"if","locations":[{"start":{"line":193,"column":2},"end":{"line":195,"column":null}},{"start":{},"end":{}}],"line":193},"21":{"loc":{"start":{"line":220,"column":9},"end":{"line":220,"column":null}},"type":"binary-expr","locations":[{"start":{"line":220,"column":9},"end":{"line":220,"column":38}},{"start":{"line":220,"column":38},"end":{"line":220,"column":52}},{"start":{"line":220,"column":52},"end":{"line":220,"column":66}},{"start":{"line":220,"column":66},"end":{"line":220,"column":null}}],"line":220},"22":{"loc":{"start":{"line":229,"column":2},"end":{"line":231,"column":null}},"type":"if","locations":[{"start":{"line":229,"column":2},"end":{"line":231,"column":null}},{"start":{},"end":{}}],"line":229},"23":{"loc":{"start":{"line":286,"column":2},"end":{"line":288,"column":null}},"type":"if","locations":[{"start":{"line":286,"column":2},"end":{"line":288,"column":null}},{"start":{},"end":{}}],"line":286},"24":{"loc":{"start":{"line":313,"column":4},"end":{"line":315,"column":null}},"type":"if","locations":[{"start":{"line":313,"column":4},"end":{"line":315,"column":null}},{"start":{},"end":{}}],"line":313},"25":{"loc":{"start":{"line":331,"column":2},"end":{"line":333,"column":null}},"type":"if","locations":[{"start":{"line":331,"column":2},"end":{"line":333,"column":null}},{"start":{},"end":{}}],"line":331},"26":{"loc":{"start":{"line":331,"column":6},"end":{"line":331,"column":47}},"type":"binary-expr","locations":[{"start":{"line":331,"column":6},"end":{"line":331,"column":22}},{"start":{"line":331,"column":22},"end":{"line":331,"column":47}}],"line":331},"27":{"loc":{"start":{"line":334,"column":2},"end":{"line":336,"column":null}},"type":"if","locations":[{"start":{"line":334,"column":2},"end":{"line":336,"column":null}},{"start":{},"end":{}}],"line":334},"28":{"loc":{"start":{"line":337,"column":2},"end":{"line":339,"column":null}},"type":"if","locations":[{"start":{"line":337,"column":2},"end":{"line":339,"column":null}},{"start":{},"end":{}}],"line":337},"29":{"loc":{"start":{"line":340,"column":2},"end":{"line":348,"column":null}},"type":"if","locations":[{"start":{"line":340,"column":2},"end":{"line":348,"column":null}},{"start":{},"end":{}}],"line":340},"30":{"loc":{"start":{"line":343,"column":6},"end":{"line":345,"column":null}},"type":"if","locations":[{"start":{"line":343,"column":6},"end":{"line":345,"column":null}},{"start":{},"end":{}}],"line":343},"31":{"loc":{"start":{"line":362,"column":6},"end":{"line":364,"column":null}},"type":"if","locations":[{"start":{"line":362,"column":6},"end":{"line":364,"column":null}},{"start":{},"end":{}}],"line":362},"32":{"loc":{"start":{"line":379,"column":4},"end":{"line":381,"column":null}},"type":"if","locations":[{"start":{"line":379,"column":4},"end":{"line":381,"column":null}},{"start":{},"end":{}}],"line":379},"33":{"loc":{"start":{"line":411,"column":9},"end":{"line":411,"column":null}},"type":"binary-expr","locations":[{"start":{"line":411,"column":9},"end":{"line":411,"column":26}},{"start":{"line":411,"column":26},"end":{"line":411,"column":null}}],"line":411},"34":{"loc":{"start":{"line":429,"column":9},"end":{"line":433,"column":null}},"type":"cond-expr","locations":[{"start":{"line":429,"column":18},"end":{"line":433,"column":6}},{"start":{"line":433,"column":6},"end":{"line":433,"column":null}}],"line":429},"35":{"loc":{"start":{"line":495,"column":2},"end":{"line":500,"column":null}},"type":"if","locations":[{"start":{"line":495,"column":2},"end":{"line":500,"column":null}},{"start":{"line":497,"column":9},"end":{"line":500,"column":null}}],"line":495},"36":{"loc":{"start":{"line":524,"column":4},"end":{"line":526,"column":null}},"type":"if","locations":[{"start":{"line":524,"column":4},"end":{"line":526,"column":null}},{"start":{},"end":{}}],"line":524},"37":{"loc":{"start":{"line":543,"column":9},"end":{"line":543,"column":null}},"type":"binary-expr","locations":[{"start":{"line":543,"column":9},"end":{"line":543,"column":27}},{"start":{"line":543,"column":27},"end":{"line":543,"column":56}},{"start":{"line":543,"column":56},"end":{"line":543,"column":null}}],"line":543},"38":{"loc":{"start":{"line":552,"column":9},"end":{"line":552,"column":null}},"type":"binary-expr","locations":[{"start":{"line":552,"column":9},"end":{"line":552,"column":38}},{"start":{"line":552,"column":38},"end":{"line":552,"column":null}}],"line":552},"39":{"loc":{"start":{"line":561,"column":9},"end":{"line":561,"column":null}},"type":"binary-expr","locations":[{"start":{"line":561,"column":9},"end":{"line":561,"column":38}},{"start":{"line":561,"column":38},"end":{"line":561,"column":55}},{"start":{"line":561,"column":55},"end":{"line":561,"column":null}}],"line":561},"40":{"loc":{"start":{"line":570,"column":9},"end":{"line":570,"column":null}},"type":"binary-expr","locations":[{"start":{"line":570,"column":9},"end":{"line":570,"column":34}},{"start":{"line":570,"column":34},"end":{"line":570,"column":null}}],"line":570},"41":{"loc":{"start":{"line":585,"column":2},"end":{"line":587,"column":null}},"type":"if","locations":[{"start":{"line":585,"column":2},"end":{"line":587,"column":null}},{"start":{},"end":{}}],"line":585}},"s":{"0":2,"1":4,"2":4,"3":2,"4":1,"5":4,"6":2,"7":2,"8":2,"9":1,"10":5,"11":1,"12":4,"13":1,"14":3,"15":2,"16":1,"17":1,"18":0,"19":2,"20":0,"21":2,"22":2,"23":1,"24":1,"25":0,"26":1,"27":2,"28":2,"29":2,"30":2,"31":2,"32":1,"33":1,"34":1,"35":0,"36":0,"37":0,"38":0,"39":0,"40":0,"41":0,"42":1,"43":0,"44":1,"45":1,"46":1,"47":0,"48":1,"49":1,"50":1,"51":0,"52":1,"53":1,"54":0,"55":1,"56":2,"57":3,"58":5,"59":2,"60":0,"61":2,"62":2,"63":2,"64":2,"65":2,"66":2,"67":2,"68":1,"69":1,"70":1,"71":1,"72":4,"73":4,"74":1,"75":1,"76":0,"77":1,"78":1,"79":1,"80":3,"81":3,"82":2,"83":3,"84":3,"85":6,"86":4,"87":2,"88":0,"89":2,"90":0,"91":0,"92":2,"93":2,"94":2,"95":3,"96":3,"97":2,"98":0,"99":1,"100":1,"101":1,"102":2,"103":2,"104":1,"105":1,"106":1,"107":2,"108":2,"109":1,"110":1,"111":1,"112":1,"113":1,"114":6,"115":6,"116":1,"117":4,"118":4,"119":1,"120":1,"121":0,"122":0,"123":1,"124":1,"125":1,"126":0,"127":0,"128":1,"129":1,"130":1,"131":0,"132":0,"133":1,"134":1,"135":0,"136":22,"137":22,"138":22,"139":22,"140":2,"141":2,"142":7,"143":7,"144":2,"145":5,"146":5,"147":5,"148":4,"149":4,"150":5,"151":3,"152":1,"153":1,"154":1,"155":1,"156":2,"157":2,"158":1,"159":1},"f":{"0":2,"1":4,"2":2,"3":1,"4":4,"5":1,"6":5,"7":2,"8":1,"9":2,"10":1,"11":1,"12":1,"13":1,"14":2,"15":3,"16":5,"17":2,"18":2,"19":2,"20":1,"21":1,"22":1,"23":1,"24":3,"25":6,"26":0,"27":1,"28":1,"29":1,"30":6,"31":1,"32":4,"33":1,"34":1,"35":1,"36":1,"37":22,"38":2,"39":7,"40":4,"41":4,"42":5,"43":3,"44":1,"45":2},"b":{"0":[2,2],"1":[1,4],"2":[1,3],"3":[2,1],"4":[1,0],"5":[0,2],"6":[2,1],"7":[1],"8":[1,0],"9":[0,1],"10":[2,0],"11":[1,1],"12":[1,0],"13":[0,0],"14":[0,0],"15":[0,0],"16":[1],"17":[0,1],"18":[0,1],"19":[0,1],"20":[0,1],"21":[5,5,4,3],"22":[0,2],"23":[0,1],"24":[2,1],"25":[4,2],"26":[6,5],"27":[0,2],"28":[0,2],"29":[2,0],"30":[3,0],"31":[2,0],"32":[2,0],"33":[6,0],"34":[3,1],"35":[1,0],"36":[2,5],"37":[4,3,2],"38":[4,3],"39":[5,4,3],"40":[3,2],"41":[1,0]},"meta":{"lastBranch":42,"lastFunction":46,"lastStatement":160,"seen":{"f:18:16:18:Infinity":0,"s:23:2:26:Infinity":0,"f:23:9:23:13":1,"s:24:4:24:Infinity":1,"s:25:4:25:Infinity":2,"f:25:25:25:31":2,"s:25:31:25:46":3,"f:35:16:35:Infinity":3,"s:40:2:46:Infinity":4,"f:40:9:40:13":4,"b:41:4:45:Infinity:undefined:undefined:undefined:undefined":0,"s:41:4:45:Infinity":5,"s:42:6:42:Infinity":6,"s:43:6:43:Infinity":7,"s:44:6:44:Infinity":8,"f:44:17:44:23":5,"s:44:23:44:43":9,"f:58:16:58:31":6,"b:59:2:61:Infinity:undefined:undefined:undefined:undefined":1,"s:59:2:61:Infinity":10,"s:60:4:60:Infinity":11,"b:62:2:64:Infinity:undefined:undefined:undefined:undefined":2,"s:62:2:64:Infinity":12,"s:63:4:63:Infinity":13,"b:65:2:67:Infinity:undefined:undefined:undefined:undefined":3,"s:65:2:67:Infinity":14,"s:66:4:66:Infinity":15,"b:68:2:70:Infinity:undefined:undefined:undefined:undefined":4,"s:68:2:70:Infinity":16,"s:69:4:69:Infinity":17,"s:71:2:71:Infinity":18,"f:79:16:79:35":7,"b:80:2:82:Infinity:undefined:undefined:undefined:undefined":5,"s:80:2:82:Infinity":19,"s:81:4:81:Infinity":20,"s:84:15:84:Infinity":21,"s:85:2:85:Infinity":22,"b:85:9:85:35:85:35:85:Infinity":6,"f:94:16:94:27":8,"b:94:74:94:91":7,"s:95:18:95:Infinity":23,"b:95:45:95:52:95:52:95:Infinity":8,"b:96:2:98:Infinity:undefined:undefined:undefined:undefined":9,"s:96:2:98:Infinity":24,"s:97:4:97:Infinity":25,"s:100:2:104:Infinity":26,"f:112:16:112:32":9,"s:113:18:113:Infinity":27,"b:113:45:113:52:113:52:113:Infinity":10,"s:114:14:114:Infinity":28,"s:115:17:115:Infinity":29,"s:116:19:116:Infinity":30,"b:118:2:120:Infinity:undefined:undefined:undefined:undefined":11,"s:118:2:120:Infinity":31,"s:119:4:119:Infinity":32,"b:121:2:123:Infinity:undefined:undefined:undefined:undefined":12,"s:121:2:123:Infinity":33,"s:122:4:122:Infinity":34,"b:124:2:126:Infinity:undefined:undefined:undefined:undefined":13,"s:124:2:126:Infinity":35,"s:125:4:125:Infinity":36,"b:127:2:129:Infinity:undefined:undefined:undefined:undefined":14,"s:127:2:129:Infinity":37,"s:128:4:128:Infinity":38,"b:130:2:132:Infinity:undefined:undefined:undefined:undefined":15,"s:130:2:132:Infinity":39,"s:131:4:131:Infinity":40,"s:133:2:133:Infinity":41,"f:146:16:146:29":10,"b:146:63:146:77":16,"b:147:2:149:Infinity:undefined:undefined:undefined:undefined":17,"s:147:2:149:Infinity":42,"s:148:4:148:Infinity":43,"s:152:18:152:Infinity":44,"s:155:2:155:Infinity":45,"b:158:2:160:Infinity:undefined:undefined:undefined:undefined":18,"s:158:2:160:Infinity":46,"s:159:4:159:Infinity":47,"s:162:2:162:Infinity":48,"f:170:16:170:28":11,"s:171:2:171:Infinity":49,"f:180:16:180:29":12,"b:181:2:183:Infinity:undefined:undefined:undefined:undefined":19,"s:181:2:183:Infinity":50,"s:182:4:182:Infinity":51,"s:184:2:184:Infinity":52,"f:192:16:192:27":13,"b:193:2:195:Infinity:undefined:undefined:undefined:undefined":20,"s:193:2:195:Infinity":53,"s:194:4:194:Infinity":54,"s:196:2:196:Infinity":55,"f:204:16:204:28":14,"s:205:2:207:Infinity":56,"f:205:35:205:36":15,"s:206:4:206:Infinity":57,"f:219:16:219:30":16,"s:220:2:220:Infinity":58,"b:220:9:220:38:220:38:220:52:220:52:220:66:220:66:220:Infinity":21,"f:228:16:228:34":17,"b:229:2:231:Infinity:undefined:undefined:undefined:undefined":22,"s:229:2:231:Infinity":59,"s:230:4:230:Infinity":60,"s:234:20:234:Infinity":61,"s:235:2:235:Infinity":62,"f:243:16:243:30":18,"s:244:21:244:Infinity":63,"s:245:2:245:Infinity":64,"f:253:16:253:28":19,"s:254:2:259:Infinity":65,"s:255:4:255:Infinity":66,"s:256:4:256:Infinity":67,"s:258:4:258:Infinity":68,"f:271:16:271:32":20,"s:272:19:272:Infinity":69,"s:273:2:276:Infinity":70,"s:273:15:273:36":71,"s:274:14:274:Infinity":72,"s:275:4:275:Infinity":73,"s:277:2:277:Infinity":74,"f:285:16:285:33":21,"b:286:2:288:Infinity:undefined:undefined:undefined:undefined":23,"s:286:2:288:Infinity":75,"s:287:4:287:Infinity":76,"s:289:2:289:Infinity":77,"f:297:16:297:31":22,"s:298:2:298:Infinity":78,"f:307:16:307:Infinity":23,"s:311:2:318:Infinity":79,"f:311:22:311:23":24,"s:312:16:312:Infinity":80,"b:313:4:315:Infinity:undefined:undefined:undefined:undefined":24,"s:313:4:315:Infinity":81,"s:314:6:314:Infinity":82,"s:316:4:316:Infinity":83,"s:317:4:317:Infinity":84,"f:330:16:330:29":25,"b:331:2:333:Infinity:undefined:undefined:undefined:undefined":25,"s:331:2:333:Infinity":85,"b:331:6:331:22:331:22:331:47":26,"s:332:4:332:Infinity":86,"b:334:2:336:Infinity:undefined:undefined:undefined:undefined":27,"s:334:2:336:Infinity":87,"s:335:4:335:Infinity":88,"b:337:2:339:Infinity:undefined:undefined:undefined:undefined":28,"s:337:2:339:Infinity":89,"s:338:4:338:Infinity":90,"f:338:19:338:27":26,"s:338:27:338:42":91,"b:340:2:348:Infinity:undefined:undefined:undefined:undefined":29,"s:340:2:348:Infinity":92,"s:341:19:341:Infinity":93,"s:342:4:346:Infinity":94,"b:343:6:345:Infinity:undefined:undefined:undefined:undefined":30,"s:343:6:345:Infinity":95,"s:344:8:344:Infinity":96,"s:347:4:347:Infinity":97,"s:349:2:349:Infinity":98,"f:358:16:358:60":27,"s:359:17:359:Infinity":99,"s:360:2:366:Infinity":100,"s:361:4:365:Infinity":101,"b:362:6:364:Infinity:undefined:undefined:undefined:undefined":31,"s:362:6:364:Infinity":102,"s:363:8:363:Infinity":103,"s:367:2:367:Infinity":104,"f:376:16:376:43":28,"s:377:17:377:Infinity":105,"s:378:2:382:Infinity":106,"b:379:4:381:Infinity:undefined:undefined:undefined:undefined":32,"s:379:4:381:Infinity":107,"s:380:6:380:Infinity":108,"s:383:2:383:Infinity":109,"f:392:16:392:43":29,"s:393:17:393:Infinity":110,"s:394:2:396:Infinity":111,"s:395:4:395:Infinity":112,"s:397:2:397:Infinity":113,"f:409:16:409:30":30,"s:410:17:410:Infinity":114,"s:411:2:411:Infinity":115,"b:411:9:411:26:411:26:411:Infinity":33,"f:418:16:418:46":31,"s:419:2:419:Infinity":116,"f:427:16:427:25":32,"s:428:17:428:Infinity":117,"s:429:2:433:Infinity":118,"b:429:18:433:6:433:6:433:Infinity":34,"f:445:16:445:31":33,"s:446:2:451:Infinity":119,"s:447:4:447:Infinity":120,"s:449:4:449:Infinity":121,"s:450:4:450:Infinity":122,"f:460:16:460:31":34,"s:461:2:467:Infinity":123,"s:462:4:462:Infinity":124,"s:463:4:463:Infinity":125,"s:465:4:465:Infinity":126,"s:466:4:466:Infinity":127,"f:475:16:475:34":35,"s:476:2:482:Infinity":128,"s:477:4:477:Infinity":129,"s:478:4:478:Infinity":130,"s:480:4:480:Infinity":131,"s:481:4:481:Infinity":132,"f:494:16:494:36":36,"b:495:2:500:Infinity:497:9:500:Infinity":35,"s:495:2:500:Infinity":133,"s:496:5:496:Infinity":134,"s:499:4:499:Infinity":135,"f:508:16:508:31":37,"s:509:16:509:Infinity":136,"s:510:17:510:Infinity":137,"s:511:14:511:Infinity":138,"s:512:2:512:Infinity":139,"f:520:16:520:59":38,"s:521:16:521:Infinity":140,"s:522:2:530:Infinity":141,"f:522:10:522:14":39,"s:523:16:523:Infinity":142,"b:524:4:526:Infinity:undefined:undefined:undefined:undefined":36,"s:524:4:526:Infinity":143,"s:525:6:525:Infinity":144,"s:527:19:527:Infinity":145,"s:528:4:528:Infinity":146,"s:529:4:529:Infinity":147,"f:542:16:542:25":40,"s:543:2:543:Infinity":148,"b:543:9:543:27:543:27:543:56:543:56:543:Infinity":37,"f:551:16:551:33":41,"s:552:2:552:Infinity":149,"b:552:9:552:38:552:38:552:Infinity":38,"f:560:16:560:30":42,"s:561:2:561:Infinity":150,"b:561:9:561:38:561:38:561:55:561:55:561:Infinity":39,"f:569:16:569:28":43,"s:570:2:570:Infinity":151,"b:570:9:570:34:570:34:570:Infinity":40,"f:583:16:583:28":44,"s:584:16:584:Infinity":152,"b:585:2:587:Infinity:undefined:undefined:undefined:undefined":41,"s:585:2:587:Infinity":153,"s:586:5:586:Infinity":154,"s:588:2:588:Infinity":155,"f:597:16:597:31":45,"s:598:2:603:Infinity":156,"s:599:4:599:Infinity":157,"s:601:4:601:Infinity":158,"s:602:4:602:Infinity":159}}}
,"/Users/dinz/Coding Projects/BulgariaLearn/BulgarianApp-Fresh/svelte-frontend/src/lib/utils/vocabulary-performance.ts": {"path":"/Users/dinz/Coding Projects/BulgariaLearn/BulgarianApp-Fresh/svelte-frontend/src/lib/utils/vocabulary-performance.ts","statementMap":{"0":{"start":{"line":56,"column":56},"end":{"line":56,"column":null}},"1":{"start":{"line":58,"column":49},"end":{"line":58,"column":null}},"2":{"start":{"line":61,"column":4},"end":{"line":67,"column":null}},"3":{"start":{"line":69,"column":4},"end":{"line":69,"column":null}},"4":{"start":{"line":73,"column":4},"end":{"line":83,"column":null}},"5":{"start":{"line":74,"column":6},"end":{"line":80,"column":null}},"6":{"start":{"line":75,"column":8},"end":{"line":79,"column":null}},"7":{"start":{"line":76,"column":10},"end":{"line":78,"column":null}},"8":{"start":{"line":77,"column":12},"end":{"line":77,"column":null}},"9":{"start":{"line":82,"column":6},"end":{"line":82,"column":null}},"10":{"start":{"line":96,"column":20},"end":{"line":96,"column":null}},"11":{"start":{"line":99,"column":4},"end":{"line":99,"column":null}},"12":{"start":{"line":100,"column":4},"end":{"line":100,"column":null}},"13":{"start":{"line":103,"column":52},"end":{"line":105,"column":null}},"14":{"start":{"line":104,"column":6},"end":{"line":104,"column":null}},"15":{"start":{"line":107,"column":4},"end":{"line":107,"column":null}},"16":{"start":{"line":108,"column":4},"end":{"line":108,"column":null}},"17":{"start":{"line":111,"column":55},"end":{"line":113,"column":null}},"18":{"start":{"line":112,"column":6},"end":{"line":112,"column":null}},"19":{"start":{"line":115,"column":4},"end":{"line":115,"column":null}},"20":{"start":{"line":118,"column":37},"end":{"line":120,"column":null}},"21":{"start":{"line":119,"column":6},"end":{"line":119,"column":null}},"22":{"start":{"line":122,"column":4},"end":{"line":122,"column":null}},"23":{"start":{"line":124,"column":22},"end":{"line":124,"column":null}},"24":{"start":{"line":125,"column":22},"end":{"line":125,"column":null}},"25":{"start":{"line":126,"column":28},"end":{"line":126,"column":null}},"26":{"start":{"line":129,"column":23},"end":{"line":129,"column":null}},"27":{"start":{"line":130,"column":24},"end":{"line":130,"column":null}},"28":{"start":{"line":132,"column":43},"end":{"line":140,"column":null}},"29":{"start":{"line":142,"column":4},"end":{"line":142,"column":null}},"30":{"start":{"line":145,"column":4},"end":{"line":145,"column":null}},"31":{"start":{"line":147,"column":4},"end":{"line":147,"column":null}},"32":{"start":{"line":160,"column":20},"end":{"line":160,"column":null}},"33":{"start":{"line":163,"column":4},"end":{"line":163,"column":null}},"34":{"start":{"line":166,"column":28},"end":{"line":166,"column":null}},"35":{"start":{"line":167,"column":28},"end":{"line":175,"column":null}},"36":{"start":{"line":169,"column":8},"end":{"line":173,"column":null}},"37":{"start":{"line":170,"column":10},"end":{"line":170,"column":null}},"38":{"start":{"line":172,"column":10},"end":{"line":172,"column":null}},"39":{"start":{"line":178,"column":22},"end":{"line":178,"column":null}},"40":{"start":{"line":179,"column":21},"end":{"line":179,"column":null}},"41":{"start":{"line":181,"column":21},"end":{"line":181,"column":null}},"42":{"start":{"line":183,"column":4},"end":{"line":206,"column":null}},"43":{"start":{"line":184,"column":23},"end":{"line":193,"column":null}},"44":{"start":{"line":185,"column":8},"end":{"line":192,"column":null}},"45":{"start":{"line":186,"column":10},"end":{"line":188,"column":null}},"46":{"start":{"line":187,"column":12},"end":{"line":187,"column":null}},"47":{"start":{"line":189,"column":10},"end":{"line":191,"column":null}},"48":{"start":{"line":190,"column":12},"end":{"line":190,"column":null}},"49":{"start":{"line":195,"column":6},"end":{"line":195,"column":null}},"50":{"start":{"line":198,"column":27},"end":{"line":198,"column":null}},"51":{"start":{"line":199,"column":6},"end":{"line":199,"column":null}},"52":{"start":{"line":201,"column":6},"end":{"line":201,"column":null}},"53":{"start":{"line":204,"column":27},"end":{"line":204,"column":null}},"54":{"start":{"line":205,"column":6},"end":{"line":205,"column":null}},"55":{"start":{"line":208,"column":4},"end":{"line":208,"column":null}},"56":{"start":{"line":211,"column":26},"end":{"line":211,"column":null}},"57":{"start":{"line":212,"column":26},"end":{"line":220,"column":null}},"58":{"start":{"line":214,"column":8},"end":{"line":218,"column":null}},"59":{"start":{"line":215,"column":10},"end":{"line":215,"column":null}},"60":{"start":{"line":217,"column":10},"end":{"line":217,"column":null}},"61":{"start":{"line":222,"column":44},"end":{"line":229,"column":null}},"62":{"start":{"line":231,"column":4},"end":{"line":231,"column":null}},"63":{"start":{"line":233,"column":4},"end":{"line":233,"column":null}},"64":{"start":{"line":242,"column":4},"end":{"line":254,"column":null}},"65":{"start":{"line":242,"column":41},"end":{"line":254,"column":6}},"66":{"start":{"line":263,"column":4},"end":{"line":263,"column":null}},"67":{"start":{"line":263,"column":33},"end":{"line":263,"column":56}},"68":{"start":{"line":271,"column":30},"end":{"line":274,"column":null}},"69":{"start":{"line":276,"column":53},"end":{"line":279,"column":null}},"70":{"start":{"line":281,"column":38},"end":{"line":281,"column":null}},"71":{"start":{"line":282,"column":17},"end":{"line":282,"column":null}},"72":{"start":{"line":285,"column":4},"end":{"line":288,"column":null}},"73":{"start":{"line":286,"column":6},"end":{"line":286,"column":null}},"74":{"start":{"line":287,"column":6},"end":{"line":287,"column":null}},"75":{"start":{"line":290,"column":4},"end":{"line":293,"column":null}},"76":{"start":{"line":291,"column":6},"end":{"line":291,"column":null}},"77":{"start":{"line":292,"column":6},"end":{"line":292,"column":null}},"78":{"start":{"line":295,"column":4},"end":{"line":298,"column":null}},"79":{"start":{"line":296,"column":6},"end":{"line":296,"column":null}},"80":{"start":{"line":297,"column":6},"end":{"line":297,"column":null}},"81":{"start":{"line":301,"column":4},"end":{"line":304,"column":null}},"82":{"start":{"line":302,"column":6},"end":{"line":302,"column":null}},"83":{"start":{"line":303,"column":6},"end":{"line":303,"column":null}},"84":{"start":{"line":306,"column":4},"end":{"line":308,"column":null}},"85":{"start":{"line":307,"column":6},"end":{"line":307,"column":null}},"86":{"start":{"line":310,"column":4},"end":{"line":317,"column":null}},"87":{"start":{"line":325,"column":19},"end":{"line":325,"column":null}},"88":{"start":{"line":326,"column":4},"end":{"line":326,"column":null}},"89":{"start":{"line":334,"column":19},"end":{"line":334,"column":null}},"90":{"start":{"line":335,"column":4},"end":{"line":335,"column":null}},"91":{"start":{"line":342,"column":4},"end":{"line":345,"column":null}},"92":{"start":{"line":343,"column":6},"end":{"line":343,"column":null}},"93":{"start":{"line":344,"column":6},"end":{"line":344,"column":null}},"94":{"start":{"line":346,"column":4},"end":{"line":346,"column":null}},"95":{"start":{"line":357,"column":13},"end":{"line":369,"column":null}},"96":{"start":{"line":360,"column":4},"end":{"line":360,"column":null}},"97":{"start":{"line":360,"column":33},"end":{"line":360,"column":57}},"98":{"start":{"line":361,"column":4},"end":{"line":367,"column":null}},"99":{"start":{"line":361,"column":38},"end":{"line":367,"column":6}},"100":{"start":{"line":375,"column":39},"end":{"line":375,"column":null}},"101":{"start":{"line":376,"column":57},"end":{"line":376,"column":null}},"102":{"start":{"line":377,"column":31},"end":{"line":377,"column":null}},"103":{"start":{"line":392,"column":18},"end":{"line":392,"column":null}},"104":{"start":{"line":393,"column":16},"end":{"line":396,"column":null}},"105":{"start":{"line":398,"column":4},"end":{"line":398,"column":null}},"106":{"start":{"line":401,"column":4},"end":{"line":401,"column":null}},"107":{"start":{"line":409,"column":4},"end":{"line":409,"column":null}},"108":{"start":{"line":418,"column":4},"end":{"line":418,"column":null}},"109":{"start":{"line":426,"column":4},"end":{"line":426,"column":null}},"110":{"start":{"line":434,"column":4},"end":{"line":434,"column":null}},"111":{"start":{"line":441,"column":4},"end":{"line":441,"column":null}},"112":{"start":{"line":455,"column":18},"end":{"line":455,"column":null}},"113":{"start":{"line":457,"column":2},"end":{"line":465,"column":null}},"114":{"start":{"line":473,"column":2},"end":{"line":473,"column":null}}},"fnMap":{"0":{"name":"(anonymous_0)","decl":{"start":{"line":60,"column":2},"end":{"line":60,"column":14}},"loc":{"start":{"line":60,"column":63},"end":{"line":70,"column":null}},"line":60},"1":{"name":"(anonymous_1)","decl":{"start":{"line":72,"column":10},"end":{"line":72,"column":43}},"loc":{"start":{"line":72,"column":43},"end":{"line":84,"column":null}},"line":72},"2":{"name":"(anonymous_2)","decl":{"start":{"line":74,"column":46},"end":{"line":74,"column":47}},"loc":{"start":{"line":74,"column":56},"end":{"line":80,"column":7}},"line":74},"3":{"name":"(anonymous_3)","decl":{"start":{"line":92,"column":8},"end":{"line":92,"column":null}},"loc":{"start":{"line":95,"column":36},"end":{"line":148,"column":null}},"line":95},"4":{"name":"(anonymous_4)","decl":{"start":{"line":103,"column":68},"end":{"line":103,"column":74}},"loc":{"start":{"line":103,"column":74},"end":{"line":105,"column":5}},"line":103},"5":{"name":"(anonymous_5)","decl":{"start":{"line":111,"column":73},"end":{"line":111,"column":85}},"loc":{"start":{"line":111,"column":85},"end":{"line":113,"column":5}},"line":111},"6":{"name":"(anonymous_6)","decl":{"start":{"line":118,"column":55},"end":{"line":118,"column":67}},"loc":{"start":{"line":118,"column":67},"end":{"line":120,"column":5}},"line":118},"7":{"name":"(anonymous_7)","decl":{"start":{"line":156,"column":8},"end":{"line":156,"column":null}},"loc":{"start":{"line":159,"column":37},"end":{"line":234,"column":null}},"line":159},"8":{"name":"(anonymous_8)","decl":{"start":{"line":168,"column":41},"end":{"line":168,"column":42}},"loc":{"start":{"line":168,"column":59},"end":{"line":174,"column":9}},"line":168},"9":{"name":"(anonymous_9)","decl":{"start":{"line":184,"column":47},"end":{"line":184,"column":48}},"loc":{"start":{"line":184,"column":57},"end":{"line":193,"column":7}},"line":184},"10":{"name":"(anonymous_10)","decl":{"start":{"line":213,"column":41},"end":{"line":213,"column":42}},"loc":{"start":{"line":213,"column":59},"end":{"line":219,"column":9}},"line":213},"11":{"name":"(anonymous_11)","decl":{"start":{"line":241,"column":10},"end":{"line":241,"column":30}},"loc":{"start":{"line":241,"column":65},"end":{"line":255,"column":null}},"line":241},"12":{"name":"(anonymous_12)","decl":{"start":{"line":242,"column":23},"end":{"line":242,"column":24}},"loc":{"start":{"line":242,"column":41},"end":{"line":254,"column":6}},"line":242},"13":{"name":"(anonymous_13)","decl":{"start":{"line":261,"column":16},"end":{"line":261,"column":50}},"loc":{"start":{"line":261,"column":50},"end":{"line":264,"column":null}},"line":261},"14":{"name":"(anonymous_14)","decl":{"start":{"line":263,"column":22},"end":{"line":263,"column":33}},"loc":{"start":{"line":263,"column":33},"end":{"line":263,"column":56}},"line":263},"15":{"name":"(anonymous_15)","decl":{"start":{"line":270,"column":2},"end":{"line":270,"column":38}},"loc":{"start":{"line":270,"column":38},"end":{"line":318,"column":null}},"line":270},"16":{"name":"(anonymous_16)","decl":{"start":{"line":324,"column":2},"end":{"line":324,"column":33}},"loc":{"start":{"line":324,"column":33},"end":{"line":327,"column":null}},"line":324},"17":{"name":"(anonymous_17)","decl":{"start":{"line":333,"column":2},"end":{"line":333,"column":37}},"loc":{"start":{"line":333,"column":37},"end":{"line":336,"column":null}},"line":333},"18":{"name":"(anonymous_18)","decl":{"start":{"line":341,"column":2},"end":{"line":341,"column":18}},"loc":{"start":{"line":341,"column":18},"end":{"line":347,"column":null}},"line":341},"19":{"name":"(anonymous_19)","decl":{"start":{"line":358,"column":2},"end":{"line":358,"column":9}},"loc":{"start":{"line":358,"column":53},"end":{"line":368,"column":null}},"line":358},"20":{"name":"(anonymous_20)","decl":{"start":{"line":360,"column":22},"end":{"line":360,"column":33}},"loc":{"start":{"line":360,"column":33},"end":{"line":360,"column":57}},"line":360},"21":{"name":"(anonymous_21)","decl":{"start":{"line":361,"column":20},"end":{"line":361,"column":21}},"loc":{"start":{"line":361,"column":38},"end":{"line":367,"column":6}},"line":361},"22":{"name":"(anonymous_22)","decl":{"start":{"line":386,"column":2},"end":{"line":386,"column":null}},"loc":{"start":{"line":390,"column":23},"end":{"line":402,"column":null}},"line":390},"23":{"name":"(anonymous_23)","decl":{"start":{"line":408,"column":2},"end":{"line":408,"column":52}},"loc":{"start":{"line":408,"column":52},"end":{"line":410,"column":null}},"line":408},"24":{"name":"(anonymous_24)","decl":{"start":{"line":417,"column":2},"end":{"line":417,"column":17}},"loc":{"start":{"line":417,"column":42},"end":{"line":419,"column":null}},"line":417},"25":{"name":"(anonymous_25)","decl":{"start":{"line":425,"column":2},"end":{"line":425,"column":19}},"loc":{"start":{"line":425,"column":41},"end":{"line":427,"column":null}},"line":425},"26":{"name":"(anonymous_26)","decl":{"start":{"line":433,"column":2},"end":{"line":433,"column":21}},"loc":{"start":{"line":433,"column":43},"end":{"line":435,"column":null}},"line":433},"27":{"name":"(anonymous_27)","decl":{"start":{"line":440,"column":2},"end":{"line":440,"column":29}},"loc":{"start":{"line":440,"column":29},"end":{"line":442,"column":null}},"line":440},"28":{"name":"useVocabularyPerformance","decl":{"start":{"line":454,"column":16},"end":{"line":454,"column":41}},"loc":{"start":{"line":454,"column":86},"end":{"line":466,"column":null}},"line":454},"29":{"name":"useOptimizedRenderer","decl":{"start":{"line":472,"column":16},"end":{"line":472,"column":39}},"loc":{"start":{"line":472,"column":39},"end":{"line":474,"column":null}},"line":472}},"branchMap":{"0":{"loc":{"start":{"line":60,"column":14},"end":{"line":60,"column":63}},"type":"default-arg","locations":[{"start":{"line":60,"column":59},"end":{"line":60,"column":63}}],"line":60},"1":{"loc":{"start":{"line":73,"column":4},"end":{"line":83,"column":null}},"type":"if","locations":[{"start":{"line":73,"column":4},"end":{"line":83,"column":null}},{"start":{},"end":{}}],"line":73},"2":{"loc":{"start":{"line":76,"column":10},"end":{"line":78,"column":null}},"type":"if","locations":[{"start":{"line":76,"column":10},"end":{"line":78,"column":null}},{"start":{},"end":{}}],"line":76},"3":{"loc":{"start":{"line":130,"column":24},"end":{"line":130,"column":null}},"type":"cond-expr","locations":[{"start":{"line":130,"column":37},"end":{"line":130,"column":79}},{"start":{"line":130,"column":79},"end":{"line":130,"column":null}}],"line":130},"4":{"loc":{"start":{"line":167,"column":28},"end":{"line":175,"column":null}},"type":"cond-expr","locations":[{"start":{"line":168,"column":8},"end":{"line":174,"column":null}},{"start":{"line":175,"column":8},"end":{"line":175,"column":null}}],"line":167},"5":{"loc":{"start":{"line":183,"column":4},"end":{"line":206,"column":null}},"type":"if","locations":[{"start":{"line":183,"column":4},"end":{"line":206,"column":null}},{"start":{"line":202,"column":11},"end":{"line":206,"column":null}}],"line":183},"6":{"loc":{"start":{"line":186,"column":10},"end":{"line":188,"column":null}},"type":"if","locations":[{"start":{"line":186,"column":10},"end":{"line":188,"column":null}},{"start":{},"end":{}}],"line":186},"7":{"loc":{"start":{"line":189,"column":10},"end":{"line":191,"column":null}},"type":"if","locations":[{"start":{"line":189,"column":10},"end":{"line":191,"column":null}},{"start":{},"end":{}}],"line":189},"8":{"loc":{"start":{"line":212,"column":26},"end":{"line":220,"column":null}},"type":"cond-expr","locations":[{"start":{"line":213,"column":8},"end":{"line":219,"column":null}},{"start":{"line":220,"column":8},"end":{"line":220,"column":null}}],"line":212},"9":{"loc":{"start":{"line":223,"column":18},"end":{"line":223,"column":null}},"type":"binary-expr","locations":[{"start":{"line":223,"column":18},"end":{"line":223,"column":59}},{"start":{"line":223,"column":59},"end":{"line":223,"column":null}}],"line":223},"10":{"loc":{"start":{"line":243,"column":10},"end":{"line":243,"column":null}},"type":"binary-expr","locations":[{"start":{"line":243,"column":10},"end":{"line":243,"column":21}},{"start":{"line":243,"column":21},"end":{"line":243,"column":null}}],"line":243},"11":{"loc":{"start":{"line":244,"column":10},"end":{"line":244,"column":null}},"type":"binary-expr","locations":[{"start":{"line":244,"column":10},"end":{"line":244,"column":21}},{"start":{"line":244,"column":21},"end":{"line":244,"column":null}}],"line":244},"12":{"loc":{"start":{"line":245,"column":10},"end":{"line":245,"column":null}},"type":"binary-expr","locations":[{"start":{"line":245,"column":10},"end":{"line":245,"column":21}},{"start":{"line":245,"column":21},"end":{"line":245,"column":null}}],"line":245},"13":{"loc":{"start":{"line":246,"column":13},"end":{"line":246,"column":null}},"type":"binary-expr","locations":[{"start":{"line":246,"column":13},"end":{"line":246,"column":27}},{"start":{"line":246,"column":27},"end":{"line":246,"column":null}}],"line":246},"14":{"loc":{"start":{"line":247,"column":16},"end":{"line":247,"column":null}},"type":"binary-expr","locations":[{"start":{"line":247,"column":16},"end":{"line":247,"column":33}},{"start":{"line":247,"column":33},"end":{"line":247,"column":null}}],"line":247},"15":{"loc":{"start":{"line":251,"column":16},"end":{"line":251,"column":null}},"type":"binary-expr","locations":[{"start":{"line":251,"column":16},"end":{"line":251,"column":33}},{"start":{"line":251,"column":33},"end":{"line":251,"column":null}}],"line":251},"16":{"loc":{"start":{"line":252,"column":12},"end":{"line":252,"column":null}},"type":"binary-expr","locations":[{"start":{"line":252,"column":12},"end":{"line":252,"column":25}},{"start":{"line":252,"column":25},"end":{"line":252,"column":null}}],"line":252},"17":{"loc":{"start":{"line":271,"column":30},"end":{"line":274,"column":null}},"type":"binary-expr","locations":[{"start":{"line":271,"column":30},"end":{"line":271,"column":72}},{"start":{"line":271,"column":72},"end":{"line":274,"column":null}}],"line":271},"18":{"loc":{"start":{"line":285,"column":4},"end":{"line":288,"column":null}},"type":"if","locations":[{"start":{"line":285,"column":4},"end":{"line":288,"column":null}},{"start":{},"end":{}}],"line":285},"19":{"loc":{"start":{"line":290,"column":4},"end":{"line":293,"column":null}},"type":"if","locations":[{"start":{"line":290,"column":4},"end":{"line":293,"column":null}},{"start":{},"end":{}}],"line":290},"20":{"loc":{"start":{"line":295,"column":4},"end":{"line":298,"column":null}},"type":"if","locations":[{"start":{"line":295,"column":4},"end":{"line":298,"column":null}},{"start":{},"end":{}}],"line":295},"21":{"loc":{"start":{"line":295,"column":8},"end":{"line":295,"column":105}},"type":"binary-expr","locations":[{"start":{"line":295,"column":8},"end":{"line":295,"column":41}},{"start":{"line":295,"column":41},"end":{"line":295,"column":105}}],"line":295},"22":{"loc":{"start":{"line":301,"column":4},"end":{"line":304,"column":null}},"type":"if","locations":[{"start":{"line":301,"column":4},"end":{"line":304,"column":null}},{"start":{},"end":{}}],"line":301},"23":{"loc":{"start":{"line":306,"column":4},"end":{"line":308,"column":null}},"type":"if","locations":[{"start":{"line":306,"column":4},"end":{"line":308,"column":null}},{"start":{},"end":{}}],"line":306},"24":{"loc":{"start":{"line":342,"column":4},"end":{"line":345,"column":null}},"type":"if","locations":[{"start":{"line":342,"column":4},"end":{"line":345,"column":null}},{"start":{},"end":{}}],"line":342},"25":{"loc":{"start":{"line":362,"column":10},"end":{"line":362,"column":null}},"type":"binary-expr","locations":[{"start":{"line":362,"column":10},"end":{"line":362,"column":21}},{"start":{"line":362,"column":21},"end":{"line":362,"column":null}}],"line":362},"26":{"loc":{"start":{"line":363,"column":10},"end":{"line":363,"column":null}},"type":"binary-expr","locations":[{"start":{"line":363,"column":10},"end":{"line":363,"column":21}},{"start":{"line":363,"column":21},"end":{"line":363,"column":null}}],"line":363},"27":{"loc":{"start":{"line":364,"column":10},"end":{"line":364,"column":null}},"type":"binary-expr","locations":[{"start":{"line":364,"column":10},"end":{"line":364,"column":21}},{"start":{"line":364,"column":21},"end":{"line":364,"column":null}}],"line":364},"28":{"loc":{"start":{"line":365,"column":13},"end":{"line":365,"column":null}},"type":"binary-expr","locations":[{"start":{"line":365,"column":13},"end":{"line":365,"column":27}},{"start":{"line":365,"column":27},"end":{"line":365,"column":null}}],"line":365},"29":{"loc":{"start":{"line":366,"column":16},"end":{"line":366,"column":null}},"type":"binary-expr","locations":[{"start":{"line":366,"column":16},"end":{"line":366,"column":33}},{"start":{"line":366,"column":33},"end":{"line":366,"column":null}}],"line":366}},"s":{"0":11,"1":11,"2":11,"3":11,"4":11,"5":11,"6":0,"7":0,"8":0,"9":11,"10":6,"11":6,"12":6,"13":6,"14":6,"15":6,"16":6,"17":6,"18":6,"19":6,"20":6,"21":6,"22":6,"23":6,"24":6,"25":6,"26":6,"27":6,"28":6,"29":6,"30":6,"31":6,"32":2,"33":2,"34":2,"35":2,"36":0,"37":0,"38":0,"39":2,"40":2,"41":2,"42":2,"43":2,"44":0,"45":0,"46":0,"47":0,"48":0,"49":2,"50":2,"51":2,"52":2,"53":0,"54":0,"55":2,"56":2,"57":2,"58":0,"59":0,"60":0,"61":2,"62":2,"63":2,"64":6,"65":1015,"66":6,"67":6,"68":4,"69":4,"70":4,"71":4,"72":4,"73":1,"74":1,"75":4,"76":0,"77":0,"78":4,"79":0,"80":0,"81":4,"82":0,"83":0,"84":4,"85":0,"86":4,"87":1,"88":1,"89":1,"90":1,"91":10,"92":9,"93":9,"94":10,"95":1,"96":3,"97":3,"98":3,"99":3,"100":7,"101":7,"102":7,"103":5,"104":5,"105":5,"106":5,"107":1,"108":9,"109":4,"110":1,"111":1,"112":2,"113":2,"114":1},"f":{"0":11,"1":11,"2":0,"3":6,"4":6,"5":6,"6":6,"7":2,"8":0,"9":0,"10":0,"11":6,"12":1015,"13":6,"14":6,"15":4,"16":1,"17":1,"18":10,"19":3,"20":3,"21":3,"22":5,"23":1,"24":9,"25":4,"26":1,"27":1,"28":2,"29":1},"b":{"0":[11],"1":[11,0],"2":[0,0],"3":[6,0],"4":[0,2],"5":[2,0],"6":[0,0],"7":[0,0],"8":[0,2],"9":[2,0],"10":[1015,0],"11":[1015,0],"12":[1015,0],"13":[1015,1015],"14":[1015,1015],"15":[1015,1015],"16":[1015,1015],"17":[4,0],"18":[1,3],"19":[0,4],"20":[0,4],"21":[4,4],"22":[0,4],"23":[0,4],"24":[9,1],"25":[3,0],"26":[3,0],"27":[3,0],"28":[3,3],"29":[3,3]},"meta":{"lastBranch":30,"lastFunction":30,"lastStatement":115,"seen":{"s:56:56:56:Infinity":0,"s:58:49:58:Infinity":1,"f:60:2:60:14":0,"b:60:59:60:63":0,"s:61:4:67:Infinity":2,"s:69:4:69:Infinity":3,"f:72:10:72:43":1,"b:73:4:83:Infinity:undefined:undefined:undefined:undefined":1,"s:73:4:83:Infinity":4,"s:74:6:80:Infinity":5,"f:74:46:74:47":2,"s:75:8:79:Infinity":6,"b:76:10:78:Infinity:undefined:undefined:undefined:undefined":2,"s:76:10:78:Infinity":7,"s:77:12:77:Infinity":8,"s:82:6:82:Infinity":9,"f:92:8:92:Infinity":3,"s:96:20:96:Infinity":10,"s:99:4:99:Infinity":11,"s:100:4:100:Infinity":12,"s:103:52:105:Infinity":13,"f:103:68:103:74":4,"s:104:6:104:Infinity":14,"s:107:4:107:Infinity":15,"s:108:4:108:Infinity":16,"s:111:55:113:Infinity":17,"f:111:73:111:85":5,"s:112:6:112:Infinity":18,"s:115:4:115:Infinity":19,"s:118:37:120:Infinity":20,"f:118:55:118:67":6,"s:119:6:119:Infinity":21,"s:122:4:122:Infinity":22,"s:124:22:124:Infinity":23,"s:125:22:125:Infinity":24,"s:126:28:126:Infinity":25,"s:129:23:129:Infinity":26,"s:130:24:130:Infinity":27,"b:130:37:130:79:130:79:130:Infinity":3,"s:132:43:140:Infinity":28,"s:142:4:142:Infinity":29,"s:145:4:145:Infinity":30,"s:147:4:147:Infinity":31,"f:156:8:156:Infinity":7,"s:160:20:160:Infinity":32,"s:163:4:163:Infinity":33,"s:166:28:166:Infinity":34,"s:167:28:175:Infinity":35,"b:168:8:174:Infinity:175:8:175:Infinity":4,"f:168:41:168:42":8,"s:169:8:173:Infinity":36,"s:170:10:170:Infinity":37,"s:172:10:172:Infinity":38,"s:178:22:178:Infinity":39,"s:179:21:179:Infinity":40,"s:181:21:181:Infinity":41,"b:183:4:206:Infinity:202:11:206:Infinity":5,"s:183:4:206:Infinity":42,"s:184:23:193:Infinity":43,"f:184:47:184:48":9,"s:185:8:192:Infinity":44,"b:186:10:188:Infinity:undefined:undefined:undefined:undefined":6,"s:186:10:188:Infinity":45,"s:187:12:187:Infinity":46,"b:189:10:191:Infinity:undefined:undefined:undefined:undefined":7,"s:189:10:191:Infinity":47,"s:190:12:190:Infinity":48,"s:195:6:195:Infinity":49,"s:198:27:198:Infinity":50,"s:199:6:199:Infinity":51,"s:201:6:201:Infinity":52,"s:204:27:204:Infinity":53,"s:205:6:205:Infinity":54,"s:208:4:208:Infinity":55,"s:211:26:211:Infinity":56,"s:212:26:220:Infinity":57,"b:213:8:219:Infinity:220:8:220:Infinity":8,"f:213:41:213:42":10,"s:214:8:218:Infinity":58,"s:215:10:215:Infinity":59,"s:217:10:217:Infinity":60,"s:222:44:229:Infinity":61,"b:223:18:223:59:223:59:223:Infinity":9,"s:231:4:231:Infinity":62,"s:233:4:233:Infinity":63,"f:241:10:241:30":11,"s:242:4:254:Infinity":64,"f:242:23:242:24":12,"s:242:41:254:6":65,"b:243:10:243:21:243:21:243:Infinity":10,"b:244:10:244:21:244:21:244:Infinity":11,"b:245:10:245:21:245:21:245:Infinity":12,"b:246:13:246:27:246:27:246:Infinity":13,"b:247:16:247:33:247:33:247:Infinity":14,"b:251:16:251:33:251:33:251:Infinity":15,"b:252:12:252:25:252:25:252:Infinity":16,"f:261:16:261:50":13,"s:263:4:263:Infinity":66,"f:263:22:263:33":14,"s:263:33:263:56":67,"f:270:2:270:38":15,"s:271:30:274:Infinity":68,"b:271:30:271:72:271:72:274:Infinity":17,"s:276:53:279:Infinity":69,"s:281:38:281:Infinity":70,"s:282:17:282:Infinity":71,"b:285:4:288:Infinity:undefined:undefined:undefined:undefined":18,"s:285:4:288:Infinity":72,"s:286:6:286:Infinity":73,"s:287:6:287:Infinity":74,"b:290:4:293:Infinity:undefined:undefined:undefined:undefined":19,"s:290:4:293:Infinity":75,"s:291:6:291:Infinity":76,"s:292:6:292:Infinity":77,"b:295:4:298:Infinity:undefined:undefined:undefined:undefined":20,"s:295:4:298:Infinity":78,"b:295:8:295:41:295:41:295:105":21,"s:296:6:296:Infinity":79,"s:297:6:297:Infinity":80,"b:301:4:304:Infinity:undefined:undefined:undefined:undefined":22,"s:301:4:304:Infinity":81,"s:302:6:302:Infinity":82,"s:303:6:303:Infinity":83,"b:306:4:308:Infinity:undefined:undefined:undefined:undefined":23,"s:306:4:308:Infinity":84,"s:307:6:307:Infinity":85,"s:310:4:317:Infinity":86,"f:324:2:324:33":16,"s:325:19:325:Infinity":87,"s:326:4:326:Infinity":88,"f:333:2:333:37":17,"s:334:19:334:Infinity":89,"s:335:4:335:Infinity":90,"f:341:2:341:18":18,"b:342:4:345:Infinity:undefined:undefined:undefined:undefined":24,"s:342:4:345:Infinity":91,"s:343:6:343:Infinity":92,"s:344:6:344:Infinity":93,"s:346:4:346:Infinity":94,"s:357:13:369:Infinity":95,"f:358:2:358:9":19,"s:360:4:360:Infinity":96,"f:360:22:360:33":20,"s:360:33:360:57":97,"s:361:4:367:Infinity":98,"f:361:20:361:21":21,"s:361:38:367:6":99,"b:362:10:362:21:362:21:362:Infinity":25,"b:363:10:363:21:363:21:363:Infinity":26,"b:364:10:364:21:364:21:364:Infinity":27,"b:365:13:365:27:365:27:365:Infinity":28,"b:366:16:366:33:366:33:366:Infinity":29,"s:375:39:375:Infinity":100,"s:376:57:376:Infinity":101,"s:377:31:377:Infinity":102,"f:386:2:386:Infinity":22,"s:392:18:392:Infinity":103,"s:393:16:396:Infinity":104,"s:398:4:398:Infinity":105,"s:401:4:401:Infinity":106,"f:408:2:408:52":23,"s:409:4:409:Infinity":107,"f:417:2:417:17":24,"s:418:4:418:Infinity":108,"f:425:2:425:19":25,"s:426:4:426:Infinity":109,"f:433:2:433:21":26,"s:434:4:434:Infinity":110,"f:440:2:440:29":27,"s:441:4:441:Infinity":111,"f:454:16:454:41":28,"s:455:18:455:Infinity":112,"s:457:2:465:Infinity":113,"f:472:16:472:39":29,"s:473:2:473:Infinity":114}}}
}
